<?xml version="1.0" encoding="UTF-8" standalone="yes"?><!DOCTYPE report PUBLIC "-//JACOCO//DTD Report 1.1//EN" "report.dtd"><report name="stars"><sessioninfo id="Matts-Computer-4ac3e413" start="1611804594657" dump="1611804596683"/><sessioninfo id="Matts-Computer-f07b4827" start="1611804645872" dump="1611804647138"/><sessioninfo id="Matts-Computer-ae1dfd78" start="1611805295945" dump="1611805297766"/><sessioninfo id="Matts-Computer-a5bd76b6" start="1611948216118" dump="1611948217906"/><sessioninfo id="Matts-Computer-73a51ffb" start="1612028320060" dump="1612028321520"/><sessioninfo id="Matts-Computer-679f5cf5" start="1612028651186" dump="1612028653241"/><sessioninfo id="Matts-Computer-9bda7b83" start="1612028905363" dump="1612028906478"/><sessioninfo id="Matts-Computer-b7030854" start="1612034573754" dump="1612034575558"/><sessioninfo id="Matts-Computer-676e38d3" start="1612041365430" dump="1612041366460"/><sessioninfo id="Matts-Computer-bab79c30" start="1612041479647" dump="1612041480691"/><sessioninfo id="Matts-Computer-3376455d" start="1612042162590" dump="1612042163866"/><sessioninfo id="Matts-Computer-1884a717" start="1612042246439" dump="1612042247454"/><sessioninfo id="Matts-Computer-4ff9f2ca" start="1612042281435" dump="1612042282360"/><sessioninfo id="Matts-Computer-391c78f0" start="1612043004605" dump="1612043005787"/><sessioninfo id="Matts-Computer-63a0afb4" start="1612043300645" dump="1612043302355"/><sessioninfo id="Matts-Computer-9b3ef958" start="1612043880828" dump="1612043882172"/><sessioninfo id="Matts-Computer-e824f34e" start="1612044511840" dump="1612044513652"/><sessioninfo id="Matts-Computer-2da38b5" start="1612045159277" dump="1612045160903"/><sessioninfo id="Matts-Computer-afc5b75b" start="1612046562705" dump="1612046563897"/><sessioninfo id="Matts-Computer-18c94235" start="1612063537230" dump="1612063541872"/><sessioninfo id="Matts-Computer-8efb5379" start="1612063639427" dump="1612063644237"/><sessioninfo id="Matts-Computer-66bed5f8" start="1612066173326" dump="1612066177274"/><sessioninfo id="Matts-Computer-dbd74cf0" start="1612069162777" dump="1612069164725"/><sessioninfo id="Matts-Computer-15ad9c6c" start="1612071184809" dump="1612071187988"/><sessioninfo id="Matts-Computer-cc23860e" start="1612071259131" dump="1612071261323"/><sessioninfo id="Matts-Computer-3cf20bdd" start="1612071357716" dump="1612071359460"/><sessioninfo id="Matts-Computer-840d35e0" start="1612071503506" dump="1612071505828"/><sessioninfo id="Matts-Computer-ffa0b917" start="1612071747945" dump="1612071749926"/><sessioninfo id="Matts-Computer-e1cdcc0a" start="1612071802131" dump="1612071804617"/><sessioninfo id="Matts-Computer-675bade2" start="1612072389949" dump="1612072393433"/><sessioninfo id="Matts-Computer-eb6c30e1" start="1612072459521" dump="1612072461505"/><sessioninfo id="Matts-Computer-9e11463c" start="1612072650456" dump="1612072652347"/><sessioninfo id="Matts-Computer-89242c76" start="1612072720056" dump="1612072721806"/><sessioninfo id="Matts-Computer-af35bd32" start="1612072808709" dump="1612072811401"/><sessioninfo id="Matts-Computer-cbe7789" start="1612072880681" dump="1612072882573"/><sessioninfo id="Matts-Computer-f213fb9d" start="1612073421166" dump="1612073424279"/><sessioninfo id="Matts-Computer-729adae6" start="1612073649916" dump="1612073653179"/><sessioninfo id="Matts-Computer-d1b78a3e" start="1612073703446" dump="1612073706832"/><sessioninfo id="Matts-Computer-eb65941c" start="1612073878570" dump="1612073881629"/><sessioninfo id="Matts-Computer-48036413" start="1612074562027" dump="1612074564822"/><sessioninfo id="Matts-Computer-81cacc28" start="1612074627459" dump="1612074630992"/><sessioninfo id="Matts-Computer-17623cd6" start="1612074739382" dump="1612074741332"/><sessioninfo id="Matts-Computer-a1e40202" start="1612074795011" dump="1612074798233"/><sessioninfo id="Matts-Computer-de2c3bac" start="1612075059902" dump="1612075062933"/><sessioninfo id="Matts-Computer-cb9b2496" start="1612075281320" dump="1612075283689"/><sessioninfo id="Matts-Computer-ef78cc55" start="1612075340035" dump="1612075343068"/><sessioninfo id="Matts-Computer-ac995a16" start="1612075590878" dump="1612075594324"/><sessioninfo id="Matts-Computer-b1b063ed" start="1612075666536" dump="1612075668815"/><sessioninfo id="Matts-Computer-3bfa50a3" start="1612075837359" dump="1612075840685"/><sessioninfo id="Matts-Computer-934f43c8" start="1612075918617" dump="1612075920563"/><sessioninfo id="Matts-Computer-6ab56007" start="1612076100772" dump="1612076104968"/><sessioninfo id="Matts-Computer-56a246d3" start="1612076401863" dump="1612076404454"/><sessioninfo id="Matts-Computer-426d66d3" start="1612076894388" dump="1612076896148"/><sessioninfo id="Matts-Computer-2fd40d8b" start="1612104674276" dump="1612104677020"/><sessioninfo id="Matts-Computer-2ad5fdc1" start="1612104806412" dump="1612104809357"/><sessioninfo id="Matts-Computer-f5acd5ab" start="1612106800887" dump="1612106805041"/><sessioninfo id="Matts-Computer-531a288e" start="1612106891700" dump="1612106894728"/><sessioninfo id="Matts-Computer-e2a691f8" start="1612107172180" dump="1612107174938"/><sessioninfo id="Matts-Computer-e81acc31" start="1612107258382" dump="1612107262372"/><sessioninfo id="Matts-Computer-a9941a7f" start="1612107600649" dump="1612107602708"/><sessioninfo id="Matts-Computer-9a2f3839" start="1612107665044" dump="1612107668069"/><sessioninfo id="Matts-Computer-96fe013c" start="1612107737959" dump="1612107739660"/><sessioninfo id="Matts-Computer-69327277" start="1612107862972" dump="1612107865056"/><sessioninfo id="Matts-Computer-aba66e58" start="1612108104533" dump="1612108106411"/><sessioninfo id="Matts-Computer-9659e8e7" start="1612108262047" dump="1612108264584"/><sessioninfo id="Matts-Computer-f7e32894" start="1612108298067" dump="1612108300304"/><sessioninfo id="Matts-Computer-84435aa0" start="1612108557745" dump="1612108560362"/><sessioninfo id="Matts-Computer-e2fe20c2" start="1612108621408" dump="1612108623905"/><sessioninfo id="Matts-Computer-785a9a04" start="1612108670537" dump="1612108672538"/><sessioninfo id="Matts-Computer-324a77df" start="1612108698912" dump="1612108701538"/><sessioninfo id="Matts-Computer-577eba3f" start="1612108733086" dump="1612108735041"/><sessioninfo id="Matts-Computer-c40cb7b3" start="1612108751270" dump="1612108752881"/><sessioninfo id="Matts-Computer-90a223f4" start="1612108822895" dump="1612108824785"/><sessioninfo id="Matts-Computer-a6072a2b" start="1612108884002" dump="1612108886420"/><sessioninfo id="Matts-Computer-de8cfdcc" start="1612108919357" dump="1612108921223"/><sessioninfo id="Matts-Computer-2663cd34" start="1612108947777" dump="1612108950010"/><sessioninfo id="Matts-Computer-12c52654" start="1612110439628" dump="1612110441899"/><sessioninfo id="Matts-Computer-eea95035" start="1612110987795" dump="1612110989534"/><sessioninfo id="Matts-Computer-24464d13" start="1612111084699" dump="1612111086953"/><sessioninfo id="Matts-Computer-80cad711" start="1612111194283" dump="1612111196185"/><sessioninfo id="Matts-Computer-cb3992b5" start="1612111290181" dump="1612111292282"/><sessioninfo id="Matts-Computer-75f42196" start="1612111487820" dump="1612111491295"/><sessioninfo id="Matts-Computer-604c4dc0" start="1612111927368" dump="1612111929260"/><sessioninfo id="Matts-Computer-da69282c" start="1612112062280" dump="1612112065042"/><sessioninfo id="Matts-Computer-e48aa9d0" start="1612112098518" dump="1612112101124"/><sessioninfo id="Matts-Computer-51cf074b" start="1612113586374" dump="1612113588586"/><sessioninfo id="Matts-Computer-47affc72" start="1612113756301" dump="1612113759166"/><sessioninfo id="Matts-Computer-63843509" start="1612113923910" dump="1612113926742"/><sessioninfo id="Matts-Computer-7dad838d" start="1612114303223" dump="1612114305510"/><sessioninfo id="Matts-Computer-f0d5d06b" start="1612114378508" dump="1612114382145"/><sessioninfo id="Matts-Computer-6b7f8eff" start="1612114508436" dump="1612114511166"/><sessioninfo id="Matts-Computer-959c43" start="1612114751239" dump="1612114754697"/><sessioninfo id="Matts-Computer-c36e76db" start="1612114837224" dump="1612114839214"/><sessioninfo id="Matts-Computer-e3446ab2" start="1612114945282" dump="1612114949085"/><sessioninfo id="Matts-Computer-6e4c646a" start="1612114988371" dump="1612114991971"/><sessioninfo id="Matts-Computer-6ece0150" start="1612115131914" dump="1612115133891"/><sessioninfo id="Matts-Computer-fd227b1" start="1612115253379" dump="1612115255948"/><sessioninfo id="Matts-Computer-28a437e2" start="1612115330164" dump="1612115332245"/><sessioninfo id="Matts-Computer-18946b96" start="1612115423919" dump="1612115426809"/><sessioninfo id="Matts-Computer-b8898f26" start="1612115722568" dump="1612115724349"/><sessioninfo id="Matts-Computer-9519ea98" start="1612115841335" dump="1612115844698"/><sessioninfo id="Matts-Computer-f8494e8d" start="1612116374293" dump="1612116377593"/><sessioninfo id="Matts-Computer-9f7ca892" start="1612117145312" dump="1612117147253"/><sessioninfo id="Matts-Computer-bdaf26a9" start="1612117581530" dump="1612117583345"/><sessioninfo id="Matts-Computer-417e2b1c" start="1612117858335" dump="1612117861571"/><sessioninfo id="Matts-Computer-44112e24" start="1612118659777" dump="1612118661681"/><sessioninfo id="Matts-Computer-91df9d76" start="1612119387348" dump="1612119390606"/><sessioninfo id="Matts-Computer-ffb1fd65" start="1612120199608" dump="1612120202224"/><sessioninfo id="Matts-Computer-76997c61" start="1612120381559" dump="1612120383300"/><sessioninfo id="Matts-Computer-e7f6ce1b" start="1612120720429" dump="1612120723004"/><sessioninfo id="Matts-Computer-3dcae670" start="1612121103415" dump="1612121106709"/><sessioninfo id="Matts-Computer-3ca2ff46" start="1612121267235" dump="1612121269761"/><sessioninfo id="Matts-Computer-db7474b" start="1612121369509" dump="1612121371354"/><sessioninfo id="Matts-Computer-98840197" start="1612123943558" dump="1612123948642"/><sessioninfo id="Matts-Computer-98dbb3d6" start="1612124109515" dump="1612124113209"/><sessioninfo id="Matts-Computer-2abfe78f" start="1612128184201" dump="1612128186507"/><sessioninfo id="Matts-Computer-73f3bfdc" start="1612128996383" dump="1612128998613"/><sessioninfo id="Matts-Computer-cd997605" start="1612597526247" dump="1612597528497"/><sessioninfo id="Matts-Computer-8951b0c8" start="1612599243406" dump="1612599246240"/><sessioninfo id="Matts-Computer-178a1f93" start="1612606120069" dump="1612606122014"/><sessioninfo id="Matts-Computer-80f8ebf0" start="1612625166308" dump="1612625168998"/><sessioninfo id="Matts-Computer-884ecf17" start="1612631319263" dump="1612631321732"/><sessioninfo id="Matts-Computer-c1914800" start="1612631478971" dump="1612631481181"/><sessioninfo id="Matts-Computer-9bc86a5c" start="1612631878492" dump="1612631882525"/><sessioninfo id="Matts-Computer-b6971003" start="1612632092739" dump="1612632094683"/><sessioninfo id="Matts-Computer-aefd6713" start="1612632137296" dump="1612632140319"/><sessioninfo id="Matts-Computer-d1eb615d" start="1612639324276" dump="1612639326472"/><sessioninfo id="Matts-Computer-78175e95" start="1612639473808" dump="1612639476147"/><sessioninfo id="Matts-Computer-9284ffc0" start="1612640198709" dump="1612640200643"/><sessioninfo id="Matts-Computer-260c2314" start="1612640834131" dump="1612640836267"/><sessioninfo id="Matts-Computer-114a14ca" start="1612640981828" dump="1612640983742"/><sessioninfo id="Matts-Computer-50a9ef1f" start="1612641185200" dump="1612641188608"/><sessioninfo id="Matts-Computer-73a77c14" start="1612641375323" dump="1612641377460"/><sessioninfo id="Matts-Computer-70426655" start="1612641422626" dump="1612641424651"/><sessioninfo id="Matts-Computer-6bb1db62" start="1612641704105" dump="1612641706087"/><sessioninfo id="Matts-Computer-11889855" start="1612641851291" dump="1612641853141"/><sessioninfo id="Matts-Computer-2cb59cfb" start="1612642091044" dump="1612642093611"/><sessioninfo id="Matts-Computer-532c8b17" start="1612643978653" dump="1612643981515"/><sessioninfo id="Matts-Computer-d358254f" start="1612644239590" dump="1612644241981"/><sessioninfo id="Matts-Computer-23d2db7f" start="1612644327725" dump="1612644329779"/><sessioninfo id="Matts-Computer-64884b8d" start="1612644912095" dump="1612644914208"/><sessioninfo id="Matts-Computer-efd4d4cb" start="1612645041663" dump="1612645044462"/><sessioninfo id="Matts-Computer-ae715e6a" start="1612645277526" dump="1612645279693"/><sessioninfo id="Matts-Computer-4ab85a33" start="1612645422159" dump="1612645424277"/><sessioninfo id="Matts-Computer-3529f1ea" start="1612645926736" dump="1612645928832"/><sessioninfo id="Matts-Computer-385f59c0" start="1612646267050" dump="1612646269705"/><sessioninfo id="Matts-Computer-5e4f5edf" start="1612646381877" dump="1612646384349"/><sessioninfo id="Matts-Computer-96a0d6d7" start="1612646781741" dump="1612646784014"/><sessioninfo id="Matts-Computer-cdd8d55b" start="1612647672704" dump="1612647675364"/><sessioninfo id="Matts-Computer-ebb193a8" start="1612647729798" dump="1612647732294"/><sessioninfo id="Matts-Computer-c3dbe903" start="1612647784909" dump="1612647787761"/><sessioninfo id="Matts-Computer-1515a90e" start="1612647849475" dump="1612647852231"/><sessioninfo id="Matts-Computer-1ba1ba85" start="1612647890738" dump="1612647893050"/><sessioninfo id="Matts-Computer-c2f266b1" start="1612648039847" dump="1612648042412"/><sessioninfo id="Matts-Computer-8fddd258" start="1612648068718" dump="1612648071064"/><sessioninfo id="Matts-Computer-f0907fc2" start="1612648111793" dump="1612648114156"/><sessioninfo id="Matts-Computer-d2b20749" start="1612648349627" dump="1612648352104"/><sessioninfo id="Matts-Computer-57219e57" start="1612648552306" dump="1612648554505"/><sessioninfo id="Matts-Computer-186c45d7" start="1612649634616" dump="1612649636743"/><sessioninfo id="Matts-Computer-9651323c" start="1612650138360" dump="1612650140371"/><sessioninfo id="Matts-Computer-332f0fe9" start="1613160876759" dump="1613160878837"/><sessioninfo id="Matts-Computer-7f4e0f70" start="1613161605549" dump="1613161608082"/><sessioninfo id="Matts-Computer-34ba4fda" start="1613161649372" dump="1613161652016"/><sessioninfo id="Matts-Computer-bec31d64" start="1613162003124" dump="1613162005789"/><sessioninfo id="Matts-Computer-7d8e8199" start="1613163538436" dump="1613163540390"/><sessioninfo id="Matts-Computer-b61008b6" start="1613163561764" dump="1613163564377"/><sessioninfo id="Matts-Computer-d8b6a6db" start="1613184645715" dump="1613184648348"/><sessioninfo id="Matts-Computer-916a78f4" start="1613185930280" dump="1613185933580"/><sessioninfo id="Matts-Computer-e330518" start="1613186033690" dump="1613186035810"/><sessioninfo id="Matts-Computer-6ba9fd06" start="1613186633925" dump="1613186636536"/><sessioninfo id="Matts-Computer-fd27037c" start="1613187169498" dump="1613187172980"/><sessioninfo id="Matts-Computer-2f1879c8" start="1613187842115" dump="1613187844143"/><sessioninfo id="Matts-Computer-d35a1cb6" start="1613188409453" dump="1613188412059"/><sessioninfo id="Matts-Computer-5480179d" start="1613188934923" dump="1613188937631"/><sessioninfo id="Matts-Computer-97ff790b" start="1613206208811" dump="1613206213091"/><sessioninfo id="Matts-Computer-502cd576" start="1613206570569" dump="1613206573615"/><sessioninfo id="Matts-Computer-41ad7180" start="1613206661479" dump="1613206664092"/><sessioninfo id="Matts-Computer-4f56d287" start="1613206883485" dump="1613206888859"/><sessioninfo id="Matts-Computer-fc3134c8" start="1613210867697" dump="1613210871682"/><sessioninfo id="Matts-Computer-e04ed5e7" start="1613371550006" dump="1613371552598"/><sessioninfo id="Matts-Computer-4f3175df" start="1613371771790" dump="1613371774027"/><sessioninfo id="Matts-Computer-75a7aac3" start="1613372116301" dump="1613372119301"/><sessioninfo id="Matts-Computer-208fc2d1" start="1613372304142" dump="1613372306408"/><sessioninfo id="Matts-Computer-8ac5187a" start="1613374107593" dump="1613374111879"/><sessioninfo id="Matts-Computer-d44539dd" start="1613374484685" dump="1613374487316"/><sessioninfo id="Matts-Computer-cb770d26" start="1613374689877" dump="1613374692953"/><sessioninfo id="Matts-Computer-b250baf4" start="1613375380453" dump="1613375382407"/><sessioninfo id="Matts-Computer-3dc5756" start="1613382784857" dump="1613382787890"/><sessioninfo id="Matts-Computer-8159a229" start="1613383577361" dump="1613383579468"/><sessioninfo id="Matts-Computer-19ca687b" start="1613384584415" dump="1613384586602"/><sessioninfo id="Matts-Computer-c49ae38" start="1613385112535" dump="1613385114641"/><sessioninfo id="Matts-Computer-384097c4" start="1613417027341" dump="1613417034629"/><sessioninfo id="Matts-Computer-53a6d7c" start="1613417127084" dump="1613417130085"/><sessioninfo id="Matts-Computer-50f9ea7" start="1613418308232" dump="1613418310996"/><sessioninfo id="Matts-Computer-fc4cf84b" start="1613418477584" dump="1613418480611"/><sessioninfo id="Matts-Computer-bb3ad1e0" start="1613418706808" dump="1613418709096"/><sessioninfo id="Matts-Computer-e57b74e2" start="1613418878654" dump="1613418881101"/><sessioninfo id="Matts-Computer-dda8bce1" start="1613419162531" dump="1613419165767"/><sessioninfo id="Matts-Computer-74049883" start="1613419634278" dump="1613419636392"/><sessioninfo id="Matts-Computer-e42fc3b9" start="1613420940408" dump="1613420942474"/><sessioninfo id="Matts-Computer-a60f0bc7" start="1613421136564" dump="1613421138546"/><sessioninfo id="Matts-Computer-bbef2300" start="1613422846158" dump="1613422848384"/><sessioninfo id="Matts-Computer-a3143685" start="1613423027238" dump="1613423029635"/><sessioninfo id="Matts-Computer-5ff5bdf3" start="1613425359238" dump="1613425362016"/><sessioninfo id="Matts-Computer-c7b110e0" start="1613426229708" dump="1613426231927"/><sessioninfo id="Matts-Computer-55dbe699" start="1613426529948" dump="1613426531974"/><sessioninfo id="Matts-Computer-c7b96059" start="1613429485038" dump="1613429487049"/><sessioninfo id="Matts-Computer-9543d7b4" start="1613500539702" dump="1613500544054"/><sessioninfo id="Matts-Computer-42b50a06" start="1613501012198" dump="1613501016077"/><sessioninfo id="Matts-Computer-3a52dfa8" start="1613501301133" dump="1613501304489"/><sessioninfo id="Matts-Computer-ec44a5f6" start="1613501994203" dump="1613501996761"/><sessioninfo id="Matts-Computer-aa28b864" start="1613503895305" dump="1613503898295"/><sessioninfo id="Matts-Computer-c73f271e" start="1613504069692" dump="1613504073088"/><sessioninfo id="Matts-Computer-df35286f" start="1613504234987" dump="1613504239838"/><sessioninfo id="Matts-Computer-e462feaa" start="1613505586231" dump="1613505589120"/><sessioninfo id="Matts-Computer-a996e3ca" start="1613506495813" dump="1613506500124"/><sessioninfo id="Matts-Computer-beae03d5" start="1613507181129" dump="1613507185650"/><sessioninfo id="Matts-Computer-58dbed63" start="1613507229618" dump="1613507232559"/><sessioninfo id="Matts-Computer-ad1f150e" start="1613507439248" dump="1613507442790"/><sessioninfo id="Matts-Computer-96631b2a" start="1613507579956" dump="1613507583625"/><sessioninfo id="Matts-Computer-25de3a40" start="1613507667586" dump="1613507670924"/><sessioninfo id="Matts-Computer-134387d9" start="1613507709895" dump="1613507713422"/><sessioninfo id="Matts-Computer-a0ebd031" start="1613507775830" dump="1613507779399"/><sessioninfo id="Matts-Computer-4a0e912d" start="1613507818232" dump="1613507821074"/><sessioninfo id="Matts-Computer-e0c5aef4" start="1613507904460" dump="1613507908726"/><sessioninfo id="Matts-Computer-a4bb6611" start="1613508005697" dump="1613508008313"/><sessioninfo id="Matts-Computer-9c84bdb8" start="1613508159816" dump="1613508162528"/><sessioninfo id="Matts-Computer-db67f9f" start="1613508327580" dump="1613508330793"/><sessioninfo id="Matts-Computer-f1796d21" start="1613508430696" dump="1613508435656"/><sessioninfo id="Matts-Computer-cfecc6e1" start="1613508562236" dump="1613508567795"/><sessioninfo id="Matts-Computer-3695a4e2" start="1613508749095" dump="1613508754043"/><sessioninfo id="Matts-Computer-e3344e7e" start="1613508792927" dump="1613508797573"/><sessioninfo id="Matts-Computer-c07271df" start="1613508851310" dump="1613508856365"/><sessioninfo id="Matts-Computer-72309eb6" start="1613508948050" dump="1613508953420"/><sessioninfo id="Matts-Computer-f21fd98d" start="1613510075494" dump="1613510082173"/><sessioninfo id="Matts-Computer-f0b8768e" start="1613510239491" dump="1613510244776"/><sessioninfo id="Matts-Computer-bdc15990" start="1613510289467" dump="1613510295146"/><sessioninfo id="Matts-Computer-ae3862a1" start="1613510358559" dump="1613510363636"/><sessioninfo id="Matts-Computer-d1b26a04" start="1613510420992" dump="1613510426227"/><sessioninfo id="Matts-Computer-d52af667" start="1613510670193" dump="1613510675655"/><sessioninfo id="Matts-Computer-461e4eae" start="1613510874880" dump="1613510880119"/><sessioninfo id="Matts-Computer-9da9e48f" start="1613511241729" dump="1613511247378"/><sessioninfo id="Matts-Computer-b7f51903" start="1613511313085" dump="1613511318523"/><sessioninfo id="Matts-Computer-f4949069" start="1613511532450" dump="1613511537415"/><sessioninfo id="Matts-Computer-21a86505" start="1613511614304" dump="1613511620263"/><sessioninfo id="Matts-Computer-56bc658b" start="1613511811410" dump="1613511817421"/><sessioninfo id="Matts-Computer-83db96aa" start="1613512330158" dump="1613512336419"/><sessioninfo id="Matts-Computer-f8589fb0" start="1613512507493" dump="1613512512508"/><sessioninfo id="Matts-Computer-7b2123c5" start="1613512613672" dump="1613512619759"/><sessioninfo id="Matts-Computer-fda03715" start="1613512707053" dump="1613512712573"/><sessioninfo id="Matts-Computer-a4d2f906" start="1613513182708" dump="1613513187582"/><sessioninfo id="Matts-Computer-58097b5d" start="1613513400056" dump="1613513405282"/><sessioninfo id="Matts-Computer-e26c2095" start="1613513478074" dump="1613513483669"/><sessioninfo id="Matts-Computer-80200821" start="1613513542510" dump="1613513548201"/><sessioninfo id="Matts-Computer-52260af3" start="1613513654828" dump="1613513662554"/><sessioninfo id="Matts-Computer-6b1eeb5c" start="1613514147331" dump="1613514153318"/><sessioninfo id="Matts-Computer-f8d72513" start="1613514304096" dump="1613514309850"/><sessioninfo id="Matts-Computer-fc9955fb" start="1613514582530" dump="1613514589028"/><sessioninfo id="Matts-Computer-c1125288" start="1613514656515" dump="1613514661949"/><sessioninfo id="Matts-Computer-8389ef37" start="1613514765255" dump="1613514770340"/><sessioninfo id="Matts-Computer-d1d7d025" start="1613514855270" dump="1613514861172"/><sessioninfo id="Matts-Computer-87409908" start="1613515151303" dump="1613515156372"/><package name="edu/brown/cs/mji13/command"><class name="edu/brown/cs/mji13/command/Command" sourcefilename="Command.java"><method name="executeForGUI" desc="(Ljava/util/ArrayList;)Ljava/lang/String;" line="26"><counter type="INSTRUCTION" missed="2" covered="0"/><counter type="LINE" missed="1" covered="0"/><counter type="COMPLEXITY" missed="1" covered="0"/><counter type="METHOD" missed="1" covered="0"/></method><counter type="INSTRUCTION" missed="2" covered="0"/><counter type="LINE" missed="1" covered="0"/><counter type="COMPLEXITY" missed="1" covered="0"/><counter type="METHOD" missed="1" covered="0"/><counter type="CLASS" missed="1" covered="0"/></class><class name="edu/brown/cs/mji13/command/REPLRunner" sourcefilename="REPLRunner.java"><method name="&lt;init&gt;" desc="(Ljava/util/Map;)V" line="27"><counter type="INSTRUCTION" missed="6" covered="0"/><counter type="LINE" missed="3" covered="0"/><counter type="COMPLEXITY" missed="1" covered="0"/><counter type="METHOD" missed="1" covered="0"/></method><method name="run" desc="()V" line="37"><counter type="INSTRUCTION" missed="95" covered="0"/><counter type="BRANCH" missed="6" covered="0"/><counter type="LINE" missed="24" covered="0"/><counter type="COMPLEXITY" missed="4" covered="0"/><counter type="METHOD" missed="1" covered="0"/></method><counter type="INSTRUCTION" missed="101" covered="0"/><counter type="BRANCH" missed="6" covered="0"/><counter type="LINE" missed="27" covered="0"/><counter type="COMPLEXITY" missed="5" covered="0"/><counter type="METHOD" missed="2" covered="0"/><counter type="CLASS" missed="1" covered="0"/></class><sourcefile name="REPLRunner.java"><line nr="27" mi="2" ci="0" mb="0" cb="0"/><line nr="28" mi="3" ci="0" mb="0" cb="0"/><line nr="29" mi="1" ci="0" mb="0" cb="0"/><line nr="37" mi="9" ci="0" mb="0" cb="0"/><line nr="40" mi="5" ci="0" mb="2" cb="0"/><line nr="42" mi="4" ci="0" mb="0" cb="0"/><line nr="48" mi="3" ci="0" mb="0" cb="0"/><line nr="49" mi="4" ci="0" mb="0" cb="0"/><line nr="50" mi="3" ci="0" mb="2" cb="0"/><line nr="51" mi="6" ci="0" mb="0" cb="0"/><line nr="55" mi="4" ci="0" mb="0" cb="0"/><line nr="57" mi="5" ci="0" mb="0" cb="0"/><line nr="60" mi="5" ci="0" mb="2" cb="0"/><line nr="61" mi="6" ci="0" mb="0" cb="0"/><line nr="63" mi="4" ci="0" mb="0" cb="0"/><line nr="65" mi="7" ci="0" mb="0" cb="0"/><line nr="66" mi="1" ci="0" mb="0" cb="0"/><line nr="68" mi="10" ci="0" mb="0" cb="0"/><line nr="70" mi="1" ci="0" mb="0" cb="0"/><line nr="71" mi="5" ci="0" mb="0" cb="0"/><line nr="72" mi="1" ci="0" mb="0" cb="0"/><line nr="73" mi="3" ci="0" mb="0" cb="0"/><line nr="74" mi="3" ci="0" mb="0" cb="0"/><line nr="76" mi="1" ci="0" mb="0" cb="0"/><line nr="77" mi="3" ci="0" mb="0" cb="0"/><line nr="78" mi="1" ci="0" mb="0" cb="0"/><line nr="79" mi="1" ci="0" mb="0" cb="0"/><counter type="INSTRUCTION" missed="101" covered="0"/><counter type="BRANCH" missed="6" covered="0"/><counter type="LINE" missed="27" covered="0"/><counter type="COMPLEXITY" missed="5" covered="0"/><counter type="METHOD" missed="2" covered="0"/><counter type="CLASS" missed="1" covered="0"/></sourcefile><sourcefile name="Command.java"><line nr="26" mi="2" ci="0" mb="0" cb="0"/><counter type="INSTRUCTION" missed="2" covered="0"/><counter type="LINE" missed="1" covered="0"/><counter type="COMPLEXITY" missed="1" covered="0"/><counter type="METHOD" missed="1" covered="0"/><counter type="CLASS" missed="1" covered="0"/></sourcefile><counter type="INSTRUCTION" missed="103" covered="0"/><counter type="BRANCH" missed="6" covered="0"/><counter type="LINE" missed="28" covered="0"/><counter type="COMPLEXITY" missed="6" covered="0"/><counter type="METHOD" missed="3" covered="0"/><counter type="CLASS" missed="2" covered="0"/></package><package name="edu/brown/cs/mji13/csvParse"><class name="edu/brown/cs/mji13/csvParse/CSVParser" sourcefilename="CSVParser.java"><method name="&lt;init&gt;" desc="()V" line="23"><counter type="INSTRUCTION" missed="0" covered="8"/><counter type="LINE" missed="0" covered="3"/><counter type="COMPLEXITY" missed="0" covered="1"/><counter type="METHOD" missed="0" covered="1"/></method><method name="parse" desc="(Ljava/lang/String;Ljava/util/ArrayList;[Ljava/lang/String;Ledu/brown/cs/mji13/csvParse/LineConverter;)Z" line="50"><counter type="INSTRUCTION" missed="30" covered="60"/><counter type="BRANCH" missed="1" covered="5"/><counter type="LINE" missed="8" covered="17"/><counter type="COMPLEXITY" missed="1" covered="3"/><counter type="METHOD" missed="0" covered="1"/></method><method name="getMessages" desc="()Ljava/util/ArrayList;" line="96"><counter type="INSTRUCTION" missed="0" covered="6"/><counter type="LINE" missed="0" covered="1"/><counter type="COMPLEXITY" missed="0" covered="1"/><counter type="METHOD" missed="0" covered="1"/></method><counter type="INSTRUCTION" missed="30" covered="74"/><counter type="BRANCH" missed="1" covered="5"/><counter type="LINE" missed="8" covered="21"/><counter type="COMPLEXITY" missed="1" covered="5"/><counter type="METHOD" missed="0" covered="3"/><counter type="CLASS" missed="0" covered="1"/></class><class name="edu/brown/cs/mji13/csvParse/LineConverter" sourcefilename="LineConverter.java"/><sourcefile name="CSVParser.java"><line nr="23" mi="0" ci="5" mb="0" cb="0"/><line nr="28" mi="0" ci="2" mb="0" cb="0"/><line nr="29" mi="0" ci="1" mb="0" cb="0"/><line nr="50" mi="0" ci="3" mb="0" cb="0"/><line nr="51" mi="0" ci="2" mb="0" cb="0"/><line nr="52" mi="0" ci="5" mb="0" cb="0"/><line nr="54" mi="0" ci="4" mb="0" cb="0"/><line nr="55" mi="0" ci="3" mb="0" cb="0"/><line nr="57" mi="0" ci="2" mb="1" cb="1"/><line nr="58" mi="5" ci="0" mb="0" cb="0"/><line nr="61" mi="0" ci="5" mb="0" cb="0"/><line nr="63" mi="0" ci="4" mb="0" cb="2"/><line nr="64" mi="0" ci="5" mb="0" cb="0"/><line nr="70" mi="0" ci="5" mb="0" cb="2"/><line nr="71" mi="0" ci="7" mb="0" cb="0"/><line nr="74" mi="1" ci="0" mb="0" cb="0"/><line nr="75" mi="12" ci="0" mb="0" cb="0"/><line nr="76" mi="2" ci="0" mb="0" cb="0"/><line nr="77" mi="1" ci="0" mb="0" cb="0"/><line nr="78" mi="5" ci="0" mb="0" cb="0"/><line nr="79" mi="2" ci="0" mb="0" cb="0"/><line nr="80" mi="2" ci="0" mb="0" cb="0"/><line nr="81" mi="0" ci="1" mb="0" cb="0"/><line nr="82" mi="0" ci="7" mb="0" cb="0"/><line nr="83" mi="0" ci="2" mb="0" cb="0"/><line nr="84" mi="0" ci="2" mb="0" cb="0"/><line nr="85" mi="0" ci="1" mb="0" cb="0"/><line nr="87" mi="0" ci="2" mb="0" cb="0"/><line nr="96" mi="0" ci="6" mb="0" cb="0"/><counter type="INSTRUCTION" missed="30" covered="74"/><counter type="BRANCH" missed="1" covered="5"/><counter type="LINE" missed="8" covered="21"/><counter type="COMPLEXITY" missed="1" covered="5"/><counter type="METHOD" missed="0" covered="3"/><counter type="CLASS" missed="0" covered="1"/></sourcefile><sourcefile name="LineConverter.java"/><counter type="INSTRUCTION" missed="30" covered="74"/><counter type="BRANCH" missed="1" covered="5"/><counter type="LINE" missed="8" covered="21"/><counter type="COMPLEXITY" missed="1" covered="5"/><counter type="METHOD" missed="0" covered="3"/><counter type="CLASS" missed="0" covered="1"/></package><package name="edu/brown/cs/mji13/kdTree"><class name="edu/brown/cs/mji13/kdTree/KDTree" sourcefilename="KDTree.java"><method name="&lt;init&gt;" desc="(I)V" line="28"><counter type="INSTRUCTION" missed="5" covered="14"/><counter type="BRANCH" missed="1" covered="1"/><counter type="LINE" missed="1" covered="5"/><counter type="COMPLEXITY" missed="1" covered="1"/><counter type="METHOD" missed="0" covered="1"/></method><method name="constructTree" desc="(Ljava/util/ArrayList;)V" line="43"><counter type="INSTRUCTION" missed="0" covered="12"/><counter type="LINE" missed="0" covered="3"/><counter type="COMPLEXITY" missed="0" covered="1"/><counter type="METHOD" missed="0" covered="1"/></method><method name="constructTreeHelper" desc="(Ljava/util/ArrayList;I)Ledu/brown/cs/mji13/kdTree/KDNode;" line="58"><counter type="INSTRUCTION" missed="0" covered="92"/><counter type="BRANCH" missed="0" covered="6"/><counter type="LINE" missed="0" covered="16"/><counter type="COMPLEXITY" missed="0" covered="4"/><counter type="METHOD" missed="0" covered="1"/></method><method name="findNodesInRadius" desc="(DLjava/util/List;)Ljava/util/ArrayList;" line="105"><counter type="INSTRUCTION" missed="0" covered="19"/><counter type="LINE" missed="0" covered="4"/><counter type="COMPLEXITY" missed="0" covered="1"/><counter type="METHOD" missed="0" covered="1"/></method><method name="radiusHelper" desc="(DLjava/util/List;ILjava/util/ArrayList;Ledu/brown/cs/mji13/kdTree/KDNode;)V" line="124"><counter type="INSTRUCTION" missed="0" covered="93"/><counter type="BRANCH" missed="1" covered="9"/><counter type="LINE" missed="0" covered="19"/><counter type="COMPLEXITY" missed="1" covered="5"/><counter type="METHOD" missed="0" covered="1"/></method><method name="findNearestNeighbors" desc="(ILjava/util/List;)Ljava/util/ArrayList;" line="171"><counter type="INSTRUCTION" missed="0" covered="41"/><counter type="BRANCH" missed="0" covered="2"/><counter type="LINE" missed="0" covered="9"/><counter type="COMPLEXITY" missed="0" covered="2"/><counter type="METHOD" missed="0" covered="1"/></method><method name="neighborsHelper" desc="(ILjava/util/List;ILjava/util/PriorityQueue;Ljava/util/ArrayList;Ledu/brown/cs/mji13/kdTree/KDNode;)V" line="210"><counter type="INSTRUCTION" missed="0" covered="136"/><counter type="BRANCH" missed="1" covered="13"/><counter type="LINE" missed="0" covered="27"/><counter type="COMPLEXITY" missed="1" covered="7"/><counter type="METHOD" missed="0" covered="1"/></method><method name="clear" desc="()V" line="264"><counter type="INSTRUCTION" missed="0" covered="6"/><counter type="LINE" missed="0" covered="2"/><counter type="COMPLEXITY" missed="0" covered="1"/><counter type="METHOD" missed="0" covered="1"/></method><method name="rootSize" desc="()Ljava/lang/Integer;" line="273"><counter type="INSTRUCTION" missed="0" covered="5"/><counter type="LINE" missed="0" covered="1"/><counter type="COMPLEXITY" missed="0" covered="1"/><counter type="METHOD" missed="0" covered="1"/></method><method name="treeSize" desc="(Ledu/brown/cs/mji13/kdTree/KDNode;)Ljava/lang/Integer;" line="283"><counter type="INSTRUCTION" missed="0" covered="25"/><counter type="BRANCH" missed="0" covered="2"/><counter type="LINE" missed="0" covered="5"/><counter type="COMPLEXITY" missed="0" covered="2"/><counter type="METHOD" missed="0" covered="1"/></method><method name="getTree" desc="()Ledu/brown/cs/mji13/kdTree/KDNode;" line="298"><counter type="INSTRUCTION" missed="0" covered="3"/><counter type="LINE" missed="0" covered="1"/><counter type="COMPLEXITY" missed="0" covered="1"/><counter type="METHOD" missed="0" covered="1"/></method><method name="lambda$findNearestNeighbors$3" desc="(Ljava/util/List;Ledu/brown/cs/mji13/kdTree/HasCoordinates;)D" line="188"><counter type="INSTRUCTION" missed="0" covered="4"/><counter type="LINE" missed="0" covered="1"/><counter type="COMPLEXITY" missed="0" covered="1"/><counter type="METHOD" missed="0" covered="1"/></method><method name="lambda$findNearestNeighbors$2" desc="(Ljava/util/List;Ledu/brown/cs/mji13/kdTree/HasCoordinates;Ledu/brown/cs/mji13/kdTree/HasCoordinates;)I" line="178"><counter type="INSTRUCTION" missed="0" covered="8"/><counter type="LINE" missed="0" covered="1"/><counter type="COMPLEXITY" missed="0" covered="1"/><counter type="METHOD" missed="0" covered="1"/></method><method name="lambda$findNodesInRadius$1" desc="(Ljava/util/List;Ledu/brown/cs/mji13/kdTree/HasCoordinates;)D" line="107"><counter type="INSTRUCTION" missed="0" covered="4"/><counter type="LINE" missed="0" covered="1"/><counter type="COMPLEXITY" missed="0" covered="1"/><counter type="METHOD" missed="0" covered="1"/></method><method name="lambda$constructTreeHelper$0" desc="(ILedu/brown/cs/mji13/kdTree/HasCoordinates;)D" line="68"><counter type="INSTRUCTION" missed="0" covered="7"/><counter type="LINE" missed="0" covered="1"/><counter type="COMPLEXITY" missed="0" covered="1"/><counter type="METHOD" missed="0" covered="1"/></method><counter type="INSTRUCTION" missed="5" covered="469"/><counter type="BRANCH" missed="3" covered="33"/><counter type="LINE" missed="1" covered="93"/><counter type="COMPLEXITY" missed="3" covered="30"/><counter type="METHOD" missed="0" covered="15"/><counter type="CLASS" missed="0" covered="1"/></class><class name="edu/brown/cs/mji13/kdTree/KDNode" sourcefilename="KDNode.java"><method name="&lt;init&gt;" desc="(Ledu/brown/cs/mji13/kdTree/HasCoordinates;)V" line="24"><counter type="INSTRUCTION" missed="0" covered="16"/><counter type="LINE" missed="0" covered="5"/><counter type="COMPLEXITY" missed="0" covered="1"/><counter type="METHOD" missed="0" covered="1"/></method><method name="&lt;init&gt;" desc="()V" line="33"><counter type="INSTRUCTION" missed="0" covered="12"/><counter type="LINE" missed="0" covered="5"/><counter type="COMPLEXITY" missed="0" covered="1"/><counter type="METHOD" missed="0" covered="1"/></method><method name="getItem" desc="()Ledu/brown/cs/mji13/kdTree/HasCoordinates;" line="45"><counter type="INSTRUCTION" missed="0" covered="3"/><counter type="LINE" missed="0" covered="1"/><counter type="COMPLEXITY" missed="0" covered="1"/><counter type="METHOD" missed="0" covered="1"/></method><method name="getLeft" desc="()Ledu/brown/cs/mji13/kdTree/KDNode;" line="54"><counter type="INSTRUCTION" missed="0" covered="3"/><counter type="LINE" missed="0" covered="1"/><counter type="COMPLEXITY" missed="0" covered="1"/><counter type="METHOD" missed="0" covered="1"/></method><method name="getRight" desc="()Ledu/brown/cs/mji13/kdTree/KDNode;" line="63"><counter type="INSTRUCTION" missed="0" covered="3"/><counter type="LINE" missed="0" covered="1"/><counter type="COMPLEXITY" missed="0" covered="1"/><counter type="METHOD" missed="0" covered="1"/></method><method name="setItem" desc="(Ledu/brown/cs/mji13/kdTree/HasCoordinates;)V" line="72"><counter type="INSTRUCTION" missed="0" covered="4"/><counter type="LINE" missed="0" covered="2"/><counter type="COMPLEXITY" missed="0" covered="1"/><counter type="METHOD" missed="0" covered="1"/></method><method name="setLeft" desc="(Ledu/brown/cs/mji13/kdTree/KDNode;)V" line="81"><counter type="INSTRUCTION" missed="0" covered="4"/><counter type="LINE" missed="0" covered="2"/><counter type="COMPLEXITY" missed="0" covered="1"/><counter type="METHOD" missed="0" covered="1"/></method><method name="setRight" desc="(Ledu/brown/cs/mji13/kdTree/KDNode;)V" line="90"><counter type="INSTRUCTION" missed="0" covered="4"/><counter type="LINE" missed="0" covered="2"/><counter type="COMPLEXITY" missed="0" covered="1"/><counter type="METHOD" missed="0" covered="1"/></method><method name="toString" desc="()Ljava/lang/String;" line="100"><counter type="INSTRUCTION" missed="6" covered="26"/><counter type="BRANCH" missed="0" covered="6"/><counter type="LINE" missed="3" covered="3"/><counter type="COMPLEXITY" missed="0" covered="4"/><counter type="METHOD" missed="0" covered="1"/></method><counter type="INSTRUCTION" missed="6" covered="75"/><counter type="BRANCH" missed="0" covered="6"/><counter type="LINE" missed="3" covered="22"/><counter type="COMPLEXITY" missed="0" covered="12"/><counter type="METHOD" missed="0" covered="9"/><counter type="CLASS" missed="0" covered="1"/></class><class name="edu/brown/cs/mji13/kdTree/HasCoordinates" sourcefilename="HasCoordinates.java"/><sourcefile name="KDNode.java"><line nr="24" mi="0" ci="2" mb="0" cb="0"/><line nr="25" mi="0" ci="3" mb="0" cb="0"/><line nr="26" mi="0" ci="5" mb="0" cb="0"/><line nr="27" mi="0" ci="5" mb="0" cb="0"/><line nr="28" mi="0" ci="1" mb="0" cb="0"/><line nr="33" mi="0" ci="2" mb="0" cb="0"/><line nr="34" mi="0" ci="3" mb="0" cb="0"/><line nr="35" mi="0" ci="3" mb="0" cb="0"/><line nr="36" mi="0" ci="3" mb="0" cb="0"/><line nr="37" mi="0" ci="1" mb="0" cb="0"/><line nr="45" mi="0" ci="3" mb="0" cb="0"/><line nr="54" mi="0" ci="3" mb="0" cb="0"/><line nr="63" mi="0" ci="3" mb="0" cb="0"/><line nr="72" mi="0" ci="3" mb="0" cb="0"/><line nr="73" mi="0" ci="1" mb="0" cb="0"/><line nr="81" mi="0" ci="3" mb="0" cb="0"/><line nr="82" mi="0" ci="1" mb="0" cb="0"/><line nr="90" mi="0" ci="3" mb="0" cb="0"/><line nr="91" mi="0" ci="1" mb="0" cb="0"/><line nr="100" mi="0" ci="9" mb="0" cb="2"/><line nr="101" mi="0" ci="8" mb="0" cb="2"/><line nr="102" mi="0" ci="9" mb="0" cb="2"/><line nr="103" mi="1" ci="0" mb="0" cb="0"/><line nr="104" mi="3" ci="0" mb="0" cb="0"/><line nr="105" mi="2" ci="0" mb="0" cb="0"/><counter type="INSTRUCTION" missed="6" covered="75"/><counter type="BRANCH" missed="0" covered="6"/><counter type="LINE" missed="3" covered="22"/><counter type="COMPLEXITY" missed="0" covered="12"/><counter type="METHOD" missed="0" covered="9"/><counter type="CLASS" missed="0" covered="1"/></sourcefile><sourcefile name="HasCoordinates.java"/><sourcefile name="KDTree.java"><line nr="28" mi="0" ci="2" mb="0" cb="0"/><line nr="29" mi="0" ci="3" mb="1" cb="1"/><line nr="30" mi="5" ci="0" mb="0" cb="0"/><line nr="33" mi="0" ci="3" mb="0" cb="0"/><line nr="34" mi="0" ci="5" mb="0" cb="0"/><line nr="35" mi="0" ci="1" mb="0" cb="0"/><line nr="43" mi="0" ci="5" mb="0" cb="0"/><line nr="44" mi="0" ci="6" mb="0" cb="0"/><line nr="45" mi="0" ci="1" mb="0" cb="0"/><line nr="58" mi="0" ci="3" mb="0" cb="2"/><line nr="59" mi="0" ci="4" mb="0" cb="0"/><line nr="67" mi="0" ci="5" mb="0" cb="0"/><line nr="68" mi="0" ci="13" mb="0" cb="0"/><line nr="71" mi="0" ci="7" mb="0" cb="0"/><line nr="72" mi="0" ci="5" mb="0" cb="0"/><line nr="73" mi="0" ci="5" mb="0" cb="0"/><line nr="76" mi="0" ci="4" mb="0" cb="0"/><line nr="77" mi="0" ci="4" mb="0" cb="0"/><line nr="79" mi="0" ci="7" mb="0" cb="2"/><line nr="80" mi="0" ci="7" mb="0" cb="0"/><line nr="83" mi="0" ci="10" mb="0" cb="2"/><line nr="84" mi="0" ci="7" mb="0" cb="0"/><line nr="88" mi="0" ci="8" mb="0" cb="0"/><line nr="89" mi="0" ci="8" mb="0" cb="0"/><line nr="92" mi="0" ci="2" mb="0" cb="0"/><line nr="105" mi="0" ci="4" mb="0" cb="0"/><line nr="106" mi="0" ci="8" mb="0" cb="0"/><line nr="107" mi="0" ci="9" mb="0" cb="0"/><line nr="108" mi="0" ci="2" mb="0" cb="0"/><line nr="124" mi="0" ci="3" mb="0" cb="0"/><line nr="125" mi="0" ci="2" mb="0" cb="2"/><line nr="126" mi="0" ci="1" mb="0" cb="0"/><line nr="130" mi="0" ci="6" mb="0" cb="2"/><line nr="131" mi="0" ci="4" mb="0" cb="0"/><line nr="134" mi="0" ci="3" mb="0" cb="0"/><line nr="135" mi="0" ci="3" mb="0" cb="0"/><line nr="138" mi="0" ci="5" mb="0" cb="0"/><line nr="141" mi="0" ci="4" mb="0" cb="0"/><line nr="142" mi="0" ci="6" mb="0" cb="0"/><line nr="143" mi="0" ci="5" mb="0" cb="0"/><line nr="147" mi="0" ci="4" mb="0" cb="2"/><line nr="148" mi="0" ci="9" mb="0" cb="0"/><line nr="149" mi="0" ci="10" mb="0" cb="0"/><line nr="151" mi="0" ci="4" mb="0" cb="2"/><line nr="152" mi="0" ci="10" mb="0" cb="0"/><line nr="153" mi="0" ci="4" mb="1" cb="1"/><line nr="154" mi="0" ci="9" mb="0" cb="0"/><line nr="157" mi="0" ci="1" mb="0" cb="0"/><line nr="171" mi="0" ci="2" mb="0" cb="2"/><line nr="172" mi="0" ci="4" mb="0" cb="0"/><line nr="177" mi="0" ci="6" mb="0" cb="0"/><line nr="178" mi="0" ci="8" mb="0" cb="0"/><line nr="181" mi="0" ci="4" mb="0" cb="0"/><line nr="184" mi="0" ci="9" mb="0" cb="0"/><line nr="187" mi="0" ci="5" mb="0" cb="0"/><line nr="188" mi="0" ci="9" mb="0" cb="0"/><line nr="191" mi="0" ci="4" mb="0" cb="0"/><line nr="192" mi="0" ci="2" mb="0" cb="0"/><line nr="210" mi="0" ci="3" mb="0" cb="0"/><line nr="211" mi="0" ci="2" mb="0" cb="2"/><line nr="212" mi="0" ci="1" mb="0" cb="0"/><line nr="216" mi="0" ci="4" mb="0" cb="2"/><line nr="217" mi="0" ci="5" mb="0" cb="0"/><line nr="220" mi="0" ci="4" mb="0" cb="0"/><line nr="224" mi="0" ci="8" mb="0" cb="2"/><line nr="225" mi="0" ci="3" mb="0" cb="0"/><line nr="226" mi="0" ci="2" mb="0" cb="0"/><line nr="227" mi="0" ci="5" mb="0" cb="0"/><line nr="229" mi="0" ci="8" mb="0" cb="2"/><line nr="230" mi="0" ci="4" mb="0" cb="0"/><line nr="234" mi="0" ci="3" mb="0" cb="0"/><line nr="235" mi="0" ci="3" mb="0" cb="0"/><line nr="238" mi="0" ci="5" mb="0" cb="0"/><line nr="240" mi="0" ci="6" mb="0" cb="0"/><line nr="241" mi="0" ci="4" mb="0" cb="0"/><line nr="242" mi="0" ci="6" mb="0" cb="0"/><line nr="243" mi="0" ci="5" mb="0" cb="0"/><line nr="247" mi="0" ci="4" mb="0" cb="2"/><line nr="248" mi="0" ci="10" mb="0" cb="0"/><line nr="249" mi="0" ci="11" mb="0" cb="0"/><line nr="251" mi="0" ci="4" mb="0" cb="2"/><line nr="252" mi="0" ci="11" mb="0" cb="0"/><line nr="253" mi="0" ci="4" mb="1" cb="1"/><line nr="254" mi="0" ci="10" mb="0" cb="0"/><line nr="257" mi="0" ci="1" mb="0" cb="0"/><line nr="264" mi="0" ci="5" mb="0" cb="0"/><line nr="265" mi="0" ci="1" mb="0" cb="0"/><line nr="273" mi="0" ci="5" mb="0" cb="0"/><line nr="283" mi="0" ci="3" mb="0" cb="2"/><line nr="284" mi="0" ci="3" mb="0" cb="0"/><line nr="287" mi="0" ci="3" mb="0" cb="0"/><line nr="288" mi="0" ci="3" mb="0" cb="0"/><line nr="289" mi="0" ci="13" mb="0" cb="0"/><line nr="298" mi="0" ci="3" mb="0" cb="0"/><counter type="INSTRUCTION" missed="5" covered="469"/><counter type="BRANCH" missed="3" covered="33"/><counter type="LINE" missed="1" covered="93"/><counter type="COMPLEXITY" missed="3" covered="30"/><counter type="METHOD" missed="0" covered="15"/><counter type="CLASS" missed="0" covered="1"/></sourcefile><counter type="INSTRUCTION" missed="11" covered="544"/><counter type="BRANCH" missed="3" covered="39"/><counter type="LINE" missed="4" covered="115"/><counter type="COMPLEXITY" missed="3" covered="42"/><counter type="METHOD" missed="0" covered="24"/><counter type="CLASS" missed="0" covered="2"/></package><package name="edu/brown/cs/mji13/validations"><class name="edu/brown/cs/mji13/validations/ArgsValidator" sourcefilename="ArgsValidator.java"><method name="&lt;init&gt;" desc="(Ljava/lang/String;Ljava/util/Map;)V" line="22"><counter type="INSTRUCTION" missed="0" covered="14"/><counter type="LINE" missed="0" covered="5"/><counter type="COMPLEXITY" missed="0" covered="1"/><counter type="METHOD" missed="0" covered="1"/></method><method name="testArgs" desc="(Ljava/util/ArrayList;)Ljava/util/Optional;" line="54"><counter type="INSTRUCTION" missed="12" covered="56"/><counter type="BRANCH" missed="2" covered="4"/><counter type="LINE" missed="3" covered="11"/><counter type="COMPLEXITY" missed="2" covered="2"/><counter type="METHOD" missed="0" covered="1"/></method><method name="setMessage" desc="(Ljava/lang/String;)V" line="94"><counter type="INSTRUCTION" missed="0" covered="10"/><counter type="LINE" missed="0" covered="2"/><counter type="COMPLEXITY" missed="0" covered="1"/><counter type="METHOD" missed="0" covered="1"/></method><method name="getErrorMessage" desc="()Ljava/lang/String;" line="103"><counter type="INSTRUCTION" missed="0" covered="4"/><counter type="LINE" missed="0" covered="1"/><counter type="COMPLEXITY" missed="0" covered="1"/><counter type="METHOD" missed="0" covered="1"/></method><method name="testArgsWithReq" desc="(Ljava/util/ArrayList;Ledu/brown/cs/mji13/validations/ArgsInformation;)Ljava/lang/String;" line="115"><counter type="INSTRUCTION" missed="0" covered="55"/><counter type="BRANCH" missed="0" covered="6"/><counter type="LINE" missed="0" covered="14"/><counter type="COMPLEXITY" missed="0" covered="4"/><counter type="METHOD" missed="0" covered="1"/></method><counter type="INSTRUCTION" missed="12" covered="139"/><counter type="BRANCH" missed="2" covered="10"/><counter type="LINE" missed="3" covered="33"/><counter type="COMPLEXITY" missed="2" covered="9"/><counter type="METHOD" missed="0" covered="5"/><counter type="CLASS" missed="0" covered="1"/></class><class name="edu/brown/cs/mji13/validations/StringValFunctions" sourcefilename="StringValFunctions.java"><method name="isNumeric" desc="(Ljava/lang/String;)Ljava/lang/Boolean;" line="16"><counter type="INSTRUCTION" missed="0" covered="10"/><counter type="LINE" missed="0" covered="4"/><counter type="COMPLEXITY" missed="0" covered="1"/><counter type="METHOD" missed="0" covered="1"/></method><method name="isInteger" desc="(Ljava/lang/String;)Ljava/lang/Boolean;" line="31"><counter type="INSTRUCTION" missed="0" covered="10"/><counter type="LINE" missed="0" covered="4"/><counter type="COMPLEXITY" missed="0" covered="1"/><counter type="METHOD" missed="0" covered="1"/></method><method name="isName" desc="(Ljava/lang/String;)Ljava/lang/Boolean;" line="45"><counter type="INSTRUCTION" missed="0" covered="5"/><counter type="LINE" missed="0" covered="1"/><counter type="COMPLEXITY" missed="0" covered="1"/><counter type="METHOD" missed="0" covered="1"/></method><method name="pass" desc="(Ljava/lang/String;)Ljava/lang/Boolean;" line="55"><counter type="INSTRUCTION" missed="0" covered="3"/><counter type="LINE" missed="0" covered="1"/><counter type="COMPLEXITY" missed="0" covered="1"/><counter type="METHOD" missed="0" covered="1"/></method><method name="isNonNegative" desc="(Ljava/lang/String;)Ljava/lang/Boolean;" line="65"><counter type="INSTRUCTION" missed="1" covered="14"/><counter type="BRANCH" missed="2" covered="2"/><counter type="LINE" missed="0" covered="1"/><counter type="COMPLEXITY" missed="2" covered="1"/><counter type="METHOD" missed="0" covered="1"/></method><method name="isNonNegInt" desc="(Ljava/lang/String;)Ljava/lang/Boolean;" line="75"><counter type="INSTRUCTION" missed="1" covered="14"/><counter type="BRANCH" missed="2" covered="2"/><counter type="LINE" missed="0" covered="1"/><counter type="COMPLEXITY" missed="2" covered="1"/><counter type="METHOD" missed="0" covered="1"/></method><counter type="INSTRUCTION" missed="2" covered="56"/><counter type="BRANCH" missed="4" covered="4"/><counter type="LINE" missed="0" covered="12"/><counter type="COMPLEXITY" missed="4" covered="6"/><counter type="METHOD" missed="0" covered="6"/><counter type="CLASS" missed="0" covered="1"/></class><class name="edu/brown/cs/mji13/validations/StringValidation" sourcefilename="StringValidation.java"/><class name="edu/brown/cs/mji13/validations/ArgsInformation" sourcefilename="ArgsInformation.java"><method name="&lt;init&gt;" desc="(Ljava/lang/String;[Ljava/lang/String;[Ledu/brown/cs/mji13/validations/StringValidation;[Ljava/lang/String;)V" line="44"><counter type="INSTRUCTION" missed="5" covered="31"/><counter type="BRANCH" missed="2" covered="2"/><counter type="LINE" missed="1" covered="7"/><counter type="COMPLEXITY" missed="2" covered="1"/><counter type="METHOD" missed="0" covered="1"/></method><method name="getUniqueName" desc="()Ljava/lang/String;" line="62"><counter type="INSTRUCTION" missed="0" covered="3"/><counter type="LINE" missed="0" covered="1"/><counter type="COMPLEXITY" missed="0" covered="1"/><counter type="METHOD" missed="0" covered="1"/></method><method name="getArgsFormat" desc="()[Ljava/lang/String;" line="71"><counter type="INSTRUCTION" missed="0" covered="5"/><counter type="LINE" missed="0" covered="1"/><counter type="COMPLEXITY" missed="0" covered="1"/><counter type="METHOD" missed="0" covered="1"/></method><method name="getRequirements" desc="()[Ledu/brown/cs/mji13/validations/StringValidation;" line="80"><counter type="INSTRUCTION" missed="0" covered="5"/><counter type="LINE" missed="0" covered="1"/><counter type="COMPLEXITY" missed="0" covered="1"/><counter type="METHOD" missed="0" covered="1"/></method><method name="getErrorMessages" desc="()[Ljava/lang/String;" line="89"><counter type="INSTRUCTION" missed="0" covered="5"/><counter type="LINE" missed="0" covered="1"/><counter type="COMPLEXITY" missed="0" covered="1"/><counter type="METHOD" missed="0" covered="1"/></method><counter type="INSTRUCTION" missed="5" covered="49"/><counter type="BRANCH" missed="2" covered="2"/><counter type="LINE" missed="1" covered="11"/><counter type="COMPLEXITY" missed="2" covered="5"/><counter type="METHOD" missed="0" covered="5"/><counter type="CLASS" missed="0" covered="1"/></class><sourcefile name="StringValFunctions.java"><line nr="16" mi="0" ci="3" mb="0" cb="0"/><line nr="17" mi="0" ci="3" mb="0" cb="0"/><line nr="18" mi="0" ci="1" mb="0" cb="0"/><line nr="19" mi="0" ci="3" mb="0" cb="0"/><line nr="31" mi="0" ci="3" mb="0" cb="0"/><line nr="32" mi="0" ci="3" mb="0" cb="0"/><line nr="33" mi="0" ci="1" mb="0" cb="0"/><line nr="34" mi="0" ci="3" mb="0" cb="0"/><line nr="45" mi="0" ci="5" mb="0" cb="0"/><line nr="55" mi="0" ci="3" mb="0" cb="0"/><line nr="65" mi="1" ci="14" mb="2" cb="2"/><line nr="75" mi="1" ci="14" mb="2" cb="2"/><counter type="INSTRUCTION" missed="2" covered="56"/><counter type="BRANCH" missed="4" covered="4"/><counter type="LINE" missed="0" covered="12"/><counter type="COMPLEXITY" missed="4" covered="6"/><counter type="METHOD" missed="0" covered="6"/><counter type="CLASS" missed="0" covered="1"/></sourcefile><sourcefile name="ArgsValidator.java"><line nr="22" mi="0" ci="5" mb="0" cb="0"/><line nr="38" mi="0" ci="2" mb="0" cb="0"/><line nr="39" mi="0" ci="3" mb="0" cb="0"/><line nr="40" mi="0" ci="3" mb="0" cb="0"/><line nr="41" mi="0" ci="1" mb="0" cb="0"/><line nr="54" mi="0" ci="3" mb="0" cb="0"/><line nr="56" mi="0" ci="3" mb="0" cb="0"/><line nr="59" mi="0" ci="6" mb="0" cb="2"/><line nr="61" mi="0" ci="7" mb="0" cb="0"/><line nr="63" mi="0" ci="4" mb="0" cb="0"/><line nr="64" mi="2" ci="14" mb="1" cb="1"/><line nr="66" mi="0" ci="5" mb="0" cb="0"/><line nr="68" mi="0" ci="3" mb="1" cb="1"/><line nr="71" mi="0" ci="4" mb="0" cb="0"/><line nr="74" mi="4" ci="0" mb="0" cb="0"/><line nr="78" mi="5" ci="0" mb="0" cb="0"/><line nr="80" mi="1" ci="0" mb="0" cb="0"/><line nr="81" mi="0" ci="5" mb="0" cb="0"/><line nr="85" mi="0" ci="2" mb="0" cb="0"/><line nr="94" mi="0" ci="9" mb="0" cb="0"/><line nr="95" mi="0" ci="1" mb="0" cb="0"/><line nr="103" mi="0" ci="4" mb="0" cb="0"/><line nr="115" mi="0" ci="3" mb="0" cb="0"/><line nr="116" mi="0" ci="3" mb="0" cb="0"/><line nr="117" mi="0" ci="3" mb="0" cb="0"/><line nr="118" mi="0" ci="3" mb="0" cb="0"/><line nr="120" mi="0" ci="2" mb="0" cb="0"/><line nr="124" mi="0" ci="7" mb="0" cb="2"/><line nr="125" mi="0" ci="5" mb="0" cb="0"/><line nr="126" mi="0" ci="4" mb="0" cb="0"/><line nr="127" mi="0" ci="5" mb="0" cb="2"/><line nr="128" mi="0" ci="7" mb="0" cb="0"/><line nr="135" mi="0" ci="3" mb="0" cb="2"/><line nr="136" mi="0" ci="4" mb="0" cb="0"/><line nr="138" mi="0" ci="4" mb="0" cb="0"/><line nr="144" mi="0" ci="2" mb="0" cb="0"/><counter type="INSTRUCTION" missed="12" covered="139"/><counter type="BRANCH" missed="2" covered="10"/><counter type="LINE" missed="3" covered="33"/><counter type="COMPLEXITY" missed="2" covered="9"/><counter type="METHOD" missed="0" covered="5"/><counter type="CLASS" missed="0" covered="1"/></sourcefile><sourcefile name="ArgsInformation.java"><line nr="44" mi="0" ci="2" mb="0" cb="0"/><line nr="45" mi="0" ci="10" mb="2" cb="2"/><line nr="47" mi="5" ci="0" mb="0" cb="0"/><line nr="50" mi="0" ci="3" mb="0" cb="0"/><line nr="51" mi="0" ci="5" mb="0" cb="0"/><line nr="52" mi="0" ci="5" mb="0" cb="0"/><line nr="53" mi="0" ci="5" mb="0" cb="0"/><line nr="54" mi="0" ci="1" mb="0" cb="0"/><line nr="62" mi="0" ci="3" mb="0" cb="0"/><line nr="71" mi="0" ci="5" mb="0" cb="0"/><line nr="80" mi="0" ci="5" mb="0" cb="0"/><line nr="89" mi="0" ci="5" mb="0" cb="0"/><counter type="INSTRUCTION" missed="5" covered="49"/><counter type="BRANCH" missed="2" covered="2"/><counter type="LINE" missed="1" covered="11"/><counter type="COMPLEXITY" missed="2" covered="5"/><counter type="METHOD" missed="0" covered="5"/><counter type="CLASS" missed="0" covered="1"/></sourcefile><sourcefile name="StringValidation.java"/><counter type="INSTRUCTION" missed="19" covered="244"/><counter type="BRANCH" missed="8" covered="16"/><counter type="LINE" missed="4" covered="56"/><counter type="COMPLEXITY" missed="8" covered="20"/><counter type="METHOD" missed="0" covered="16"/><counter type="CLASS" missed="0" covered="3"/></package><package name="edu/brown/cs/mji13/stars"><class name="edu/brown/cs/mji13/stars/NaiveNeighbors" sourcefilename="NaiveNeighbors.java"><method name="&lt;init&gt;" desc="(Ledu/brown/cs/mji13/stars/StarStorage;)V" line="39"><counter type="INSTRUCTION" missed="0" covered="147"/><counter type="LINE" missed="0" covered="10"/><counter type="COMPLEXITY" missed="0" covered="1"/><counter type="METHOD" missed="0" covered="1"/></method><method name="&lt;init&gt;" desc="()V" line="39"><counter type="INSTRUCTION" missed="144" covered="0"/><counter type="LINE" missed="9" covered="0"/><counter type="COMPLEXITY" missed="1" covered="0"/><counter type="METHOD" missed="1" covered="0"/></method><method name="execute" desc="(Ljava/util/ArrayList;)Ljava/util/ArrayList;" line="102"><counter type="INSTRUCTION" missed="41" covered="118"/><counter type="BRANCH" missed="4" covered="5"/><counter type="LINE" missed="10" covered="23"/><counter type="COMPLEXITY" missed="4" covered="2"/><counter type="METHOD" missed="0" covered="1"/></method><method name="executeForGUI" desc="(Ljava/util/ArrayList;)Ljava/lang/String;" line="162"><counter type="INSTRUCTION" missed="2" covered="20"/><counter type="BRANCH" missed="1" covered="1"/><counter type="LINE" missed="0" covered="3"/><counter type="COMPLEXITY" missed="1" covered="1"/><counter type="METHOD" missed="0" covered="1"/></method><method name="matchArgsToMethod" desc="(Ljava/util/ArrayList;)Ljava/util/Optional;" line="174"><counter type="INSTRUCTION" missed="0" covered="5"/><counter type="LINE" missed="0" covered="1"/><counter type="COMPLEXITY" missed="0" covered="1"/><counter type="METHOD" missed="0" covered="1"/></method><method name="performNaiveNeighbors" desc="(ILjava/lang/String;Ljava/util/ArrayList;)Ljava/util/ArrayList;" line="186"><counter type="INSTRUCTION" missed="0" covered="35"/><counter type="LINE" missed="0" covered="7"/><counter type="COMPLEXITY" missed="0" covered="1"/><counter type="METHOD" missed="0" covered="1"/></method><method name="performNaiveNeighbors" desc="(IDDDLjava/util/ArrayList;)Ljava/util/ArrayList;" line="211"><counter type="INSTRUCTION" missed="0" covered="147"/><counter type="BRANCH" missed="1" covered="17"/><counter type="LINE" missed="0" covered="27"/><counter type="COMPLEXITY" missed="1" covered="9"/><counter type="METHOD" missed="0" covered="1"/></method><method name="lambda$performNaiveNeighbors$3" desc="(Ljava/util/List;Ledu/brown/cs/mji13/stars/Star;)D" line="217"><counter type="INSTRUCTION" missed="0" covered="4"/><counter type="LINE" missed="0" covered="1"/><counter type="COMPLEXITY" missed="0" covered="1"/><counter type="METHOD" missed="0" covered="1"/></method><method name="lambda$performNaiveNeighbors$2" desc="(Ljava/lang/String;Ledu/brown/cs/mji13/stars/Star;)Z" line="193"><counter type="INSTRUCTION" missed="0" covered="5"/><counter type="LINE" missed="0" covered="1"/><counter type="COMPLEXITY" missed="0" covered="1"/><counter type="METHOD" missed="0" covered="1"/></method><method name="lambda$execute$1" desc="(Ljava/util/ArrayList;Ledu/brown/cs/mji13/stars/Star;)V" line="145"><counter type="INSTRUCTION" missed="0" covered="6"/><counter type="LINE" missed="0" covered="1"/><counter type="COMPLEXITY" missed="0" covered="1"/><counter type="METHOD" missed="0" covered="1"/></method><method name="lambda$execute$0" desc="(Ljava/util/ArrayList;Ledu/brown/cs/mji13/stars/Star;)V" line="131"><counter type="INSTRUCTION" missed="0" covered="6"/><counter type="LINE" missed="0" covered="1"/><counter type="COMPLEXITY" missed="0" covered="1"/><counter type="METHOD" missed="0" covered="1"/></method><counter type="INSTRUCTION" missed="187" covered="493"/><counter type="BRANCH" missed="6" covered="23"/><counter type="LINE" missed="12" covered="71"/><counter type="COMPLEXITY" missed="7" covered="19"/><counter type="METHOD" missed="1" covered="10"/><counter type="CLASS" missed="0" covered="1"/></class><class name="edu/brown/cs/mji13/stars/Radius" sourcefilename="Radius.java"><method name="&lt;init&gt;" desc="(Ledu/brown/cs/mji13/stars/StarStorage;)V" line="39"><counter type="INSTRUCTION" missed="0" covered="147"/><counter type="LINE" missed="0" covered="10"/><counter type="COMPLEXITY" missed="0" covered="1"/><counter type="METHOD" missed="0" covered="1"/></method><method name="execute" desc="(Ljava/util/ArrayList;)Ljava/util/ArrayList;" line="95"><counter type="INSTRUCTION" missed="41" covered="118"/><counter type="BRANCH" missed="4" covered="5"/><counter type="LINE" missed="10" covered="23"/><counter type="COMPLEXITY" missed="4" covered="2"/><counter type="METHOD" missed="0" covered="1"/></method><method name="executeForGUI" desc="(Ljava/util/ArrayList;)Ljava/lang/String;" line="155"><counter type="INSTRUCTION" missed="2" covered="20"/><counter type="BRANCH" missed="1" covered="1"/><counter type="LINE" missed="0" covered="3"/><counter type="COMPLEXITY" missed="1" covered="1"/><counter type="METHOD" missed="0" covered="1"/></method><method name="matchArgsToMethod" desc="(Ljava/util/ArrayList;)Ljava/util/Optional;" line="167"><counter type="INSTRUCTION" missed="0" covered="5"/><counter type="LINE" missed="0" covered="1"/><counter type="COMPLEXITY" missed="0" covered="1"/><counter type="METHOD" missed="0" covered="1"/></method><method name="performRadius" desc="(DDDDLedu/brown/cs/mji13/kdTree/KDTree;)Ljava/util/ArrayList;" line="183"><counter type="INSTRUCTION" missed="0" covered="24"/><counter type="LINE" missed="0" covered="2"/><counter type="COMPLEXITY" missed="0" covered="1"/><counter type="METHOD" missed="0" covered="1"/></method><method name="performRadius" desc="(DLjava/lang/String;Ledu/brown/cs/mji13/kdTree/KDTree;)Ljava/util/ArrayList;" line="199"><counter type="INSTRUCTION" missed="0" covered="32"/><counter type="LINE" missed="0" covered="8"/><counter type="COMPLEXITY" missed="0" covered="1"/><counter type="METHOD" missed="0" covered="1"/></method><method name="lambda$performRadius$2" desc="(Ljava/lang/String;Ledu/brown/cs/mji13/stars/Star;)Z" line="208"><counter type="INSTRUCTION" missed="0" covered="5"/><counter type="LINE" missed="0" covered="1"/><counter type="COMPLEXITY" missed="0" covered="1"/><counter type="METHOD" missed="0" covered="1"/></method><method name="lambda$execute$1" desc="(Ljava/util/ArrayList;Ledu/brown/cs/mji13/stars/Star;)V" line="138"><counter type="INSTRUCTION" missed="0" covered="6"/><counter type="LINE" missed="0" covered="1"/><counter type="COMPLEXITY" missed="0" covered="1"/><counter type="METHOD" missed="0" covered="1"/></method><method name="lambda$execute$0" desc="(Ljava/util/ArrayList;Ledu/brown/cs/mji13/stars/Star;)V" line="124"><counter type="INSTRUCTION" missed="0" covered="6"/><counter type="LINE" missed="0" covered="1"/><counter type="COMPLEXITY" missed="0" covered="1"/><counter type="METHOD" missed="0" covered="1"/></method><counter type="INSTRUCTION" missed="43" covered="363"/><counter type="BRANCH" missed="5" covered="6"/><counter type="LINE" missed="10" covered="47"/><counter type="COMPLEXITY" missed="5" covered="10"/><counter type="METHOD" missed="0" covered="9"/><counter type="CLASS" missed="0" covered="1"/></class><class name="edu/brown/cs/mji13/stars/Main" sourcefilename="Main.java"><method name="main" desc="([Ljava/lang/String;)V" line="61"><counter type="INSTRUCTION" missed="6" covered="0"/><counter type="LINE" missed="2" covered="0"/><counter type="COMPLEXITY" missed="1" covered="0"/><counter type="METHOD" missed="1" covered="0"/></method><method name="&lt;init&gt;" desc="([Ljava/lang/String;)V" line="41"><counter type="INSTRUCTION" missed="75" covered="0"/><counter type="LINE" missed="11" covered="0"/><counter type="COMPLEXITY" missed="1" covered="0"/><counter type="METHOD" missed="1" covered="0"/></method><method name="run" desc="()V" line="72"><counter type="INSTRUCTION" missed="45" covered="0"/><counter type="BRANCH" missed="2" covered="0"/><counter type="LINE" missed="10" covered="0"/><counter type="COMPLEXITY" missed="2" covered="0"/><counter type="METHOD" missed="1" covered="0"/></method><method name="createEngine" desc="()Lspark/template/freemarker/FreeMarkerEngine;" line="88"><counter type="INSTRUCTION" missed="31" covered="0"/><counter type="LINE" missed="8" covered="0"/><counter type="COMPLEXITY" missed="1" covered="0"/><counter type="METHOD" missed="1" covered="0"/></method><method name="runSparkServer" desc="(I)V" line="101"><counter type="INSTRUCTION" missed="266" covered="0"/><counter type="LINE" missed="30" covered="0"/><counter type="COMPLEXITY" missed="1" covered="0"/><counter type="METHOD" missed="1" covered="0"/></method><counter type="INSTRUCTION" missed="423" covered="0"/><counter type="BRANCH" missed="2" covered="0"/><counter type="LINE" missed="61" covered="0"/><counter type="COMPLEXITY" missed="6" covered="0"/><counter type="METHOD" missed="5" covered="0"/><counter type="CLASS" missed="1" covered="0"/></class><class name="edu/brown/cs/mji13/stars/NaiveRadius" sourcefilename="NaiveRadius.java"><method name="&lt;init&gt;" desc="(Ledu/brown/cs/mji13/stars/StarStorage;)V" line="38"><counter type="INSTRUCTION" missed="0" covered="147"/><counter type="LINE" missed="0" covered="10"/><counter type="COMPLEXITY" missed="0" covered="1"/><counter type="METHOD" missed="0" covered="1"/></method><method name="&lt;init&gt;" desc="()V" line="38"><counter type="INSTRUCTION" missed="144" covered="0"/><counter type="LINE" missed="9" covered="0"/><counter type="COMPLEXITY" missed="1" covered="0"/><counter type="METHOD" missed="1" covered="0"/></method><method name="execute" desc="(Ljava/util/ArrayList;)Ljava/util/ArrayList;" line="103"><counter type="INSTRUCTION" missed="41" covered="118"/><counter type="BRANCH" missed="4" covered="5"/><counter type="LINE" missed="10" covered="23"/><counter type="COMPLEXITY" missed="4" covered="2"/><counter type="METHOD" missed="0" covered="1"/></method><method name="executeForGUI" desc="(Ljava/util/ArrayList;)Ljava/lang/String;" line="164"><counter type="INSTRUCTION" missed="2" covered="20"/><counter type="BRANCH" missed="1" covered="1"/><counter type="LINE" missed="0" covered="3"/><counter type="COMPLEXITY" missed="1" covered="1"/><counter type="METHOD" missed="0" covered="1"/></method><method name="matchArgsToMethod" desc="(Ljava/util/ArrayList;)Ljava/util/Optional;" line="176"><counter type="INSTRUCTION" missed="0" covered="5"/><counter type="LINE" missed="0" covered="1"/><counter type="COMPLEXITY" missed="0" covered="1"/><counter type="METHOD" missed="0" covered="1"/></method><method name="performNaiveRadius" desc="(DLjava/lang/String;Ljava/util/ArrayList;)Ljava/util/ArrayList;" line="191"><counter type="INSTRUCTION" missed="0" covered="35"/><counter type="LINE" missed="0" covered="7"/><counter type="COMPLEXITY" missed="0" covered="1"/><counter type="METHOD" missed="0" covered="1"/></method><method name="performNaiveRadius" desc="(DDDDLjava/util/ArrayList;)Ljava/util/ArrayList;" line="217"><counter type="INSTRUCTION" missed="0" covered="22"/><counter type="LINE" missed="0" covered="4"/><counter type="COMPLEXITY" missed="0" covered="1"/><counter type="METHOD" missed="0" covered="1"/></method><method name="lambda$performNaiveRadius$4" desc="(DDDLedu/brown/cs/mji13/stars/Star;)D" line="219"><counter type="INSTRUCTION" missed="0" covered="21"/><counter type="LINE" missed="0" covered="1"/><counter type="COMPLEXITY" missed="0" covered="1"/><counter type="METHOD" missed="0" covered="1"/></method><method name="lambda$performNaiveRadius$3" desc="(DDDDLedu/brown/cs/mji13/stars/Star;)Z" line="218"><counter type="INSTRUCTION" missed="0" covered="27"/><counter type="BRANCH" missed="0" covered="2"/><counter type="LINE" missed="0" covered="1"/><counter type="COMPLEXITY" missed="0" covered="2"/><counter type="METHOD" missed="0" covered="1"/></method><method name="lambda$performNaiveRadius$2" desc="(Ljava/lang/String;Ledu/brown/cs/mji13/stars/Star;)Z" line="199"><counter type="INSTRUCTION" missed="0" covered="5"/><counter type="LINE" missed="0" covered="1"/><counter type="COMPLEXITY" missed="0" covered="1"/><counter type="METHOD" missed="0" covered="1"/></method><method name="lambda$execute$1" desc="(Ljava/util/ArrayList;Ledu/brown/cs/mji13/stars/Star;)V" line="146"><counter type="INSTRUCTION" missed="0" covered="6"/><counter type="LINE" missed="0" covered="1"/><counter type="COMPLEXITY" missed="0" covered="1"/><counter type="METHOD" missed="0" covered="1"/></method><method name="lambda$execute$0" desc="(Ljava/util/ArrayList;Ledu/brown/cs/mji13/stars/Star;)V" line="132"><counter type="INSTRUCTION" missed="0" covered="6"/><counter type="LINE" missed="0" covered="1"/><counter type="COMPLEXITY" missed="0" covered="1"/><counter type="METHOD" missed="0" covered="1"/></method><counter type="INSTRUCTION" missed="187" covered="412"/><counter type="BRANCH" missed="5" covered="8"/><counter type="LINE" missed="12" covered="48"/><counter type="COMPLEXITY" missed="6" covered="13"/><counter type="METHOD" missed="1" covered="11"/><counter type="CLASS" missed="0" covered="1"/></class><class name="edu/brown/cs/mji13/stars/StarStorage" sourcefilename="StarStorage.java"><method name="&lt;init&gt;" desc="(Ljava/lang/String;)V" line="25"><counter type="INSTRUCTION" missed="0" covered="27"/><counter type="LINE" missed="0" covered="7"/><counter type="COMPLEXITY" missed="0" covered="1"/><counter type="METHOD" missed="0" covered="1"/></method><method name="getFileName" desc="()Ljava/lang/String;" line="55"><counter type="INSTRUCTION" missed="0" covered="4"/><counter type="LINE" missed="0" covered="1"/><counter type="COMPLEXITY" missed="0" covered="1"/><counter type="METHOD" missed="0" covered="1"/></method><method name="setName" desc="(Ljava/lang/String;)V" line="64"><counter type="INSTRUCTION" missed="0" covered="10"/><counter type="LINE" missed="0" covered="2"/><counter type="COMPLEXITY" missed="0" covered="1"/><counter type="METHOD" missed="0" covered="1"/></method><method name="getStarsList" desc="()Ljava/util/ArrayList;" line="73"><counter type="INSTRUCTION" missed="0" covered="6"/><counter type="LINE" missed="0" covered="1"/><counter type="COMPLEXITY" missed="0" covered="1"/><counter type="METHOD" missed="0" covered="1"/></method><method name="setList" desc="(Ljava/util/ArrayList;)V" line="82"><counter type="INSTRUCTION" missed="0" covered="9"/><counter type="LINE" missed="0" covered="3"/><counter type="COMPLEXITY" missed="0" covered="1"/><counter type="METHOD" missed="0" covered="1"/></method><method name="getStarsTree" desc="()Ledu/brown/cs/mji13/kdTree/KDTree;" line="92"><counter type="INSTRUCTION" missed="0" covered="3"/><counter type="LINE" missed="0" covered="1"/><counter type="COMPLEXITY" missed="0" covered="1"/><counter type="METHOD" missed="0" covered="1"/></method><method name="setListToTree" desc="(Ljava/util/ArrayList;)V" line="101"><counter type="INSTRUCTION" missed="0" covered="8"/><counter type="LINE" missed="0" covered="3"/><counter type="COMPLEXITY" missed="0" covered="1"/><counter type="METHOD" missed="0" covered="1"/></method><method name="getStarFromMap" desc="(Ljava/lang/String;)Ledu/brown/cs/mji13/stars/Star;" line="113"><counter type="INSTRUCTION" missed="0" covered="6"/><counter type="LINE" missed="0" covered="1"/><counter type="COMPLEXITY" missed="0" covered="1"/><counter type="METHOD" missed="0" covered="1"/></method><method name="isNameInStorage" desc="(Ljava/lang/String;)Ljava/lang/Boolean;" line="123"><counter type="INSTRUCTION" missed="0" covered="13"/><counter type="BRANCH" missed="1" covered="3"/><counter type="LINE" missed="0" covered="1"/><counter type="COMPLEXITY" missed="1" covered="2"/><counter type="METHOD" missed="0" covered="1"/></method><method name="getStarNames" desc="()Ljava/util/Set;" line="132"><counter type="INSTRUCTION" missed="0" covered="4"/><counter type="LINE" missed="0" covered="1"/><counter type="COMPLEXITY" missed="0" covered="1"/><counter type="METHOD" missed="0" covered="1"/></method><method name="setListToStarsMap" desc="(Ljava/util/ArrayList;)V" line="142"><counter type="INSTRUCTION" missed="0" covered="27"/><counter type="BRANCH" missed="0" covered="4"/><counter type="LINE" missed="0" covered="7"/><counter type="COMPLEXITY" missed="0" covered="3"/><counter type="METHOD" missed="0" covered="1"/></method><method name="starListToHTML" desc="(Ljava/util/ArrayList;)Ljava/lang/String;" line="159"><counter type="INSTRUCTION" missed="0" covered="28"/><counter type="BRANCH" missed="0" covered="2"/><counter type="LINE" missed="0" covered="8"/><counter type="COMPLEXITY" missed="0" covered="2"/><counter type="METHOD" missed="0" covered="1"/></method><counter type="INSTRUCTION" missed="0" covered="145"/><counter type="BRANCH" missed="1" covered="9"/><counter type="LINE" missed="0" covered="36"/><counter type="COMPLEXITY" missed="1" covered="16"/><counter type="METHOD" missed="0" covered="12"/><counter type="CLASS" missed="0" covered="1"/></class><class name="edu/brown/cs/mji13/stars/UpdateStarFile" sourcefilename="UpdateStarFile.java"><method name="&lt;init&gt;" desc="(Ledu/brown/cs/mji13/stars/StarStorage;)V" line="30"><counter type="INSTRUCTION" missed="0" covered="181"/><counter type="LINE" missed="0" covered="12"/><counter type="COMPLEXITY" missed="0" covered="1"/><counter type="METHOD" missed="0" covered="1"/></method><method name="&lt;init&gt;" desc="()V" line="30"><counter type="INSTRUCTION" missed="0" covered="178"/><counter type="LINE" missed="0" covered="11"/><counter type="COMPLEXITY" missed="0" covered="1"/><counter type="METHOD" missed="0" covered="1"/></method><method name="execute" desc="(Ljava/util/ArrayList;)Ljava/util/ArrayList;" line="109"><counter type="INSTRUCTION" missed="8" covered="75"/><counter type="BRANCH" missed="1" covered="3"/><counter type="LINE" missed="2" covered="16"/><counter type="COMPLEXITY" missed="1" covered="2"/><counter type="METHOD" missed="0" covered="1"/></method><method name="matchArgsToMethod" desc="(Ljava/util/ArrayList;)Ljava/util/Optional;" line="142"><counter type="INSTRUCTION" missed="0" covered="5"/><counter type="LINE" missed="0" covered="1"/><counter type="COMPLEXITY" missed="0" covered="1"/><counter type="METHOD" missed="0" covered="1"/></method><method name="lineToStar" desc="(Ljava/lang/String;)Ledu/brown/cs/mji13/stars/Star;" line="152"><counter type="INSTRUCTION" missed="10" covered="67"/><counter type="BRANCH" missed="2" covered="2"/><counter type="LINE" missed="2" covered="13"/><counter type="COMPLEXITY" missed="2" covered="1"/><counter type="METHOD" missed="0" covered="1"/></method><counter type="INSTRUCTION" missed="18" covered="506"/><counter type="BRANCH" missed="3" covered="5"/><counter type="LINE" missed="4" covered="44"/><counter type="COMPLEXITY" missed="3" covered="6"/><counter type="METHOD" missed="0" covered="5"/><counter type="CLASS" missed="0" covered="1"/></class><class name="edu/brown/cs/mji13/stars/Main$ExceptionPrinter" sourcefilename="Main.java"><method name="handle" desc="(Ljava/lang/Exception;Lspark/Request;Lspark/Response;)V" line="163"><counter type="INSTRUCTION" missed="26" covered="0"/><counter type="LINE" missed="8" covered="0"/><counter type="COMPLEXITY" missed="1" covered="0"/><counter type="METHOD" missed="1" covered="0"/></method><counter type="INSTRUCTION" missed="26" covered="0"/><counter type="LINE" missed="8" covered="0"/><counter type="COMPLEXITY" missed="1" covered="0"/><counter type="METHOD" missed="1" covered="0"/><counter type="CLASS" missed="1" covered="0"/></class><class name="edu/brown/cs/mji13/stars/StarsGenerator" sourcefilename="StarsGenerator.java"><method name="&lt;init&gt;" desc="(DDII)V" line="19"><counter type="INSTRUCTION" missed="0" covered="20"/><counter type="LINE" missed="0" covered="7"/><counter type="COMPLEXITY" missed="0" covered="1"/><counter type="METHOD" missed="0" covered="1"/></method><method name="generateInput" desc="(I)Ljava/util/ArrayList;" line="49"><counter type="INSTRUCTION" missed="4" covered="39"/><counter type="BRANCH" missed="1" covered="5"/><counter type="LINE" missed="1" covered="10"/><counter type="COMPLEXITY" missed="1" covered="3"/><counter type="METHOD" missed="0" covered="1"/></method><method name="randomStar" desc="(I)Ledu/brown/cs/mji13/stars/Star;" line="75"><counter type="INSTRUCTION" missed="0" covered="60"/><counter type="LINE" missed="0" covered="6"/><counter type="COMPLEXITY" missed="0" covered="1"/><counter type="METHOD" missed="0" covered="1"/></method><method name="randomName" desc="()Ljava/lang/String;" line="91"><counter type="INSTRUCTION" missed="0" covered="30"/><counter type="BRANCH" missed="0" covered="2"/><counter type="LINE" missed="0" covered="5"/><counter type="COMPLEXITY" missed="0" covered="2"/><counter type="METHOD" missed="0" covered="1"/></method><method name="areRadiusListsValid" desc="(DLjava/util/ArrayList;Ljava/util/ArrayList;Ljava/util/ArrayList;Ljava/util/ArrayList;)Ljava/lang/Boolean;" line="117"><counter type="INSTRUCTION" missed="1" covered="54"/><counter type="BRANCH" missed="7" covered="7"/><counter type="LINE" missed="0" covered="13"/><counter type="COMPLEXITY" missed="7" covered="1"/><counter type="METHOD" missed="0" covered="1"/></method><method name="areNeighborsListValid" desc="(ILjava/util/ArrayList;Ljava/util/ArrayList;Ljava/util/ArrayList;Ljava/util/ArrayList;)Z" line="152"><counter type="INSTRUCTION" missed="1" covered="51"/><counter type="BRANCH" missed="7" covered="7"/><counter type="LINE" missed="0" covered="13"/><counter type="COMPLEXITY" missed="7" covered="1"/><counter type="METHOD" missed="0" covered="1"/></method><method name="isSubList" desc="(Ljava/util/List;Ljava/util/List;)Z" line="177"><counter type="INSTRUCTION" missed="0" covered="4"/><counter type="LINE" missed="0" covered="1"/><counter type="COMPLEXITY" missed="0" covered="1"/><counter type="METHOD" missed="0" covered="1"/></method><method name="isListInRange" desc="(Ljava/util/List;D)Z" line="188"><counter type="INSTRUCTION" missed="1" covered="26"/><counter type="BRANCH" missed="2" covered="4"/><counter type="LINE" missed="0" covered="5"/><counter type="COMPLEXITY" missed="2" covered="2"/><counter type="METHOD" missed="0" covered="1"/></method><method name="isAscending" desc="(Ljava/util/List;)Z" line="204"><counter type="INSTRUCTION" missed="1" covered="37"/><counter type="BRANCH" missed="2" covered="4"/><counter type="LINE" missed="0" covered="6"/><counter type="COMPLEXITY" missed="2" covered="2"/><counter type="METHOD" missed="0" covered="1"/></method><method name="lambda$areNeighborsListValid$3" desc="(Ljava/util/ArrayList;Ledu/brown/cs/mji13/stars/Star;)Ljava/lang/Double;" line="156"><counter type="INSTRUCTION" missed="0" covered="5"/><counter type="LINE" missed="0" covered="1"/><counter type="COMPLEXITY" missed="0" covered="1"/><counter type="METHOD" missed="0" covered="1"/></method><method name="lambda$areNeighborsListValid$2" desc="(Ljava/util/ArrayList;Ledu/brown/cs/mji13/stars/Star;)Ljava/lang/Double;" line="153"><counter type="INSTRUCTION" missed="0" covered="5"/><counter type="LINE" missed="0" covered="1"/><counter type="COMPLEXITY" missed="0" covered="1"/><counter type="METHOD" missed="0" covered="1"/></method><method name="lambda$areRadiusListsValid$1" desc="(Ljava/util/ArrayList;Ledu/brown/cs/mji13/stars/Star;)Ljava/lang/Double;" line="121"><counter type="INSTRUCTION" missed="0" covered="5"/><counter type="LINE" missed="0" covered="1"/><counter type="COMPLEXITY" missed="0" covered="1"/><counter type="METHOD" missed="0" covered="1"/></method><method name="lambda$areRadiusListsValid$0" desc="(Ljava/util/ArrayList;Ledu/brown/cs/mji13/stars/Star;)Ljava/lang/Double;" line="118"><counter type="INSTRUCTION" missed="0" covered="5"/><counter type="LINE" missed="0" covered="1"/><counter type="COMPLEXITY" missed="0" covered="1"/><counter type="METHOD" missed="0" covered="1"/></method><counter type="INSTRUCTION" missed="8" covered="341"/><counter type="BRANCH" missed="19" covered="29"/><counter type="LINE" missed="1" covered="66"/><counter type="COMPLEXITY" missed="19" covered="18"/><counter type="METHOD" missed="0" covered="13"/><counter type="CLASS" missed="0" covered="1"/></class><class name="edu/brown/cs/mji13/stars/Neighbors" sourcefilename="Neighbors.java"><method name="&lt;init&gt;" desc="(Ledu/brown/cs/mji13/stars/StarStorage;)V" line="40"><counter type="INSTRUCTION" missed="0" covered="147"/><counter type="LINE" missed="0" covered="10"/><counter type="COMPLEXITY" missed="0" covered="1"/><counter type="METHOD" missed="0" covered="1"/></method><method name="&lt;init&gt;" desc="()V" line="40"><counter type="INSTRUCTION" missed="144" covered="0"/><counter type="LINE" missed="9" covered="0"/><counter type="COMPLEXITY" missed="1" covered="0"/><counter type="METHOD" missed="1" covered="0"/></method><method name="execute" desc="(Ljava/util/ArrayList;)Ljava/util/ArrayList;" line="100"><counter type="INSTRUCTION" missed="41" covered="119"/><counter type="BRANCH" missed="4" covered="5"/><counter type="LINE" missed="10" covered="23"/><counter type="COMPLEXITY" missed="4" covered="2"/><counter type="METHOD" missed="0" covered="1"/></method><method name="executeForGUI" desc="(Ljava/util/ArrayList;)Ljava/lang/String;" line="162"><counter type="INSTRUCTION" missed="2" covered="20"/><counter type="BRANCH" missed="1" covered="1"/><counter type="LINE" missed="0" covered="3"/><counter type="COMPLEXITY" missed="1" covered="1"/><counter type="METHOD" missed="0" covered="1"/></method><
[...]
 nr="192" mi="0" ci="5" mb="0" cb="0"/><line nr="193" mi="0" ci="10" mb="0" cb="0"/><line nr="195" mi="0" ci="8" mb="0" cb="0"/><line nr="211" mi="0" ci="2" mb="0" cb="2"/><line nr="212" mi="0" ci="4" mb="0" cb="0"/><line nr="215" mi="0" ci="5" mb="0" cb="0"/><line nr="216" mi="0" ci="19" mb="0" cb="0"/><line nr="217" mi="0" ci="9" mb="0" cb="0"/><line nr="221" mi="0" ci="4" mb="0" cb="2"/><line nr="222" mi="0" ci="2" mb="0" cb="0"/><line nr="225" mi="0" ci="4" mb="0" cb="0"/><line nr="226" mi="0" ci="4" mb="0" cb="0"/><line nr="229" mi="0" ci="9" mb="0" cb="0"/><line nr="230" mi="0" ci="2" mb="0" cb="0"/><line nr="234" mi="0" ci="7" mb="1" cb="1"/><line nr="235" mi="0" ci="9" mb="0" cb="2"/><line nr="236" mi="0" ci="2" mb="0" cb="0"/><line nr="237" mi="0" ci="1" mb="0" cb="0"/><line nr="239" mi="0" ci="7" mb="0" cb="0"/><line nr="243" mi="0" ci="8" mb="0" cb="2"/><line nr="244" mi="0" ci="9" mb="0" cb="2"/><line nr="245" mi="0" ci="1" mb="0" cb="0"/><line nr="247" mi="0" ci="7" mb="0" cb="0"/><line nr="253" mi="0" ci="7" mb="0" cb="4"/><line nr="254" mi="0" ci="2" mb="0" cb="0"/><line nr="259" mi="0" ci="4" mb="0" cb="0"/><line nr="260" mi="0" ci="9" mb="0" cb="2"/><line nr="261" mi="0" ci="5" mb="0" cb="0"/><line nr="262" mi="0" ci="7" mb="0" cb="0"/><line nr="265" mi="0" ci="2" mb="0" cb="0"/><counter type="INSTRUCTION" missed="187" covered="493"/><counter type="BRANCH" missed="6" covered="23"/><counter type="LINE" missed="12" covered="71"/><counter type="COMPLEXITY" missed="7" covered="19"/><counter type="METHOD" missed="1" covered="10"/><counter type="CLASS" missed="0" covered="1"/></sourcefile><sourcefile name="Main.java"><line nr="41" mi="6" ci="0" mb="0" cb="0"/><line nr="46" mi="13" ci="0" mb="0" cb="0"/><line nr="47" mi="10" ci="0" mb="0" cb="0"/><line nr="48" mi="10" ci="0" mb="0" cb="0"/><line nr="49" mi="10" ci="0" mb="0" cb="0"/><line nr="50" mi="10" ci="0" mb="0" cb="0"/><line nr="51" mi="8" ci="0" mb="0" cb="0"/><line nr="52" mi="2" ci="0" mb="0" cb="0"/><line nr="61" mi="5" ci="0" mb="0" cb="0"/><line nr="62" mi="1" ci="0" mb="0" cb="0"/><line nr="66" mi="2" ci="0" mb="0" cb="0"/><line nr="67" mi="3" ci="0" mb="0" cb="0"/><line nr="68" mi="1" ci="0" mb="0" cb="0"/><line nr="72" mi="4" ci="0" mb="0" cb="0"/><line nr="73" mi="4" ci="0" mb="0" cb="0"/><line nr="74" mi="7" ci="0" mb="0" cb="0"/><line nr="75" mi="5" ci="0" mb="0" cb="0"/><line nr="76" mi="5" ci="0" mb="0" cb="0"/><line nr="78" mi="4" ci="0" mb="2" cb="0"/><line nr="79" mi="7" ci="0" mb="0" cb="0"/><line nr="83" mi="6" ci="0" mb="0" cb="0"/><line nr="84" mi="2" ci="0" mb="0" cb="0"/><line nr="85" mi="1" ci="0" mb="0" cb="0"/><line nr="88" mi="4" ci="0" mb="0" cb="0"/><line nr="89" mi="5" ci="0" mb="0" cb="0"/><line nr="91" mi="3" ci="0" mb="0" cb="0"/><line nr="92" mi="1" ci="0" mb="0" cb="0"/><line nr="93" mi="10" ci="0" mb="0" cb="0"/><line nr="95" mi="2" ci="0" mb="0" cb="0"/><line nr="96" mi="1" ci="0" mb="0" cb="0"/><line nr="97" mi="5" ci="0" mb="0" cb="0"/><line nr="101" mi="2" ci="0" mb="0" cb="0"/><line nr="102" mi="2" ci="0" mb="0" cb="0"/><line nr="103" mi="5" ci="0" mb="0" cb="0"/><line nr="105" mi="2" ci="0" mb="0" cb="0"/><line nr="108" mi="27" ci="0" mb="0" cb="0"/><line nr="109" mi="4" ci="0" mb="0" cb="0"/><line nr="110" mi="19" ci="0" mb="0" cb="0"/><line nr="111" mi="4" ci="0" mb="0" cb="0"/><line nr="114" mi="27" ci="0" mb="0" cb="0"/><line nr="115" mi="4" ci="0" mb="0" cb="0"/><line nr="116" mi="19" ci="0" mb="0" cb="0"/><line nr="117" mi="4" ci="0" mb="0" cb="0"/><line nr="120" mi="27" ci="0" mb="0" cb="0"/><line nr="121" mi="4" ci="0" mb="0" cb="0"/><line nr="122" mi="19" ci="0" mb="0" cb="0"/><line nr="123" mi="4" ci="0" mb="0" cb="0"/><line nr="126" mi="27" ci="0" mb="0" cb="0"/><line nr="127" mi="4" ci="0" mb="0" cb="0"/><line nr="128" mi="19" ci="0" mb="0" cb="0"/><line nr="129" mi="4" ci="0" mb="0" cb="0"/><line nr="132" mi="6" ci="0" mb="0" cb="0"/><line nr="133" mi="4" ci="0" mb="0" cb="0"/><line nr="134" mi="4" ci="0" mb="0" cb="0"/><line nr="135" mi="4" ci="0" mb="0" cb="0"/><line nr="136" mi="4" ci="0" mb="0" cb="0"/><line nr="137" mi="4" ci="0" mb="0" cb="0"/><line nr="138" mi="4" ci="0" mb="0" cb="0"/><line nr="139" mi="4" ci="0" mb="0" cb="0"/><line nr="140" mi="4" ci="0" mb="0" cb="0"/><line nr="141" mi="1" ci="0" mb="0" cb="0"/><line nr="149" mi="6" ci="0" mb="0" cb="0"/><line nr="153" mi="6" ci="0" mb="0" cb="0"/><line nr="163" mi="3" ci="0" mb="0" cb="0"/><line nr="164" mi="4" ci="0" mb="0" cb="0"/><line nr="165" mi="5" ci="0" mb="0" cb="0"/><line nr="166" mi="3" ci="0" mb="0" cb="0"/><line nr="167" mi="3" ci="0" mb="0" cb="0"/><line nr="168" mi="3" ci="0" mb="0" cb="0"/><line nr="170" mi="4" ci="0" mb="0" cb="0"/><line nr="171" mi="1" ci="0" mb="0" cb="0"/><counter type="INSTRUCTION" missed="461" covered="0"/><counter type="BRANCH" missed="2" covered="0"/><counter type="LINE" missed="71" covered="0"/><counter type="COMPLEXITY" missed="8" covered="0"/><counter type="METHOD" missed="7" covered="0"/><counter type="CLASS" missed="3" covered="0"/></sourcefile><sourcefile name="UpdateStarFile.java"><line nr="30" mi="0" ci="10" mb="0" cb="0"/><line nr="35" mi="0" ci="48" mb="0" cb="0"/><line nr="41" mi="0" ci="16" mb="0" cb="0"/><line nr="42" mi="0" ci="62" mb="0" cb="0"/><line nr="52" mi="0" ci="16" mb="0" cb="0"/><line nr="63" mi="0" ci="12" mb="0" cb="0"/><line nr="64" mi="0" ci="4" mb="0" cb="0"/><line nr="65" mi="0" ci="166" mb="0" cb="0"/><line nr="82" mi="0" ci="16" mb="0" cb="0"/><line nr="91" mi="0" ci="2" mb="0" cb="0"/><line nr="92" mi="0" ci="3" mb="0" cb="0"/><line nr="93" mi="0" ci="1" mb="0" cb="0"/><line nr="98" mi="0" ci="2" mb="0" cb="0"/><line nr="99" mi="0" ci="1" mb="0" cb="0"/><line nr="109" mi="0" ci="4" mb="0" cb="0"/><line nr="110" mi="0" ci="4" mb="0" cb="0"/><line nr="111" mi="0" ci="3" mb="1" cb="1"/><line nr="112" mi="6" ci="0" mb="0" cb="0"/><line nr="113" mi="2" ci="0" mb="0" cb="0"/><line nr="116" mi="0" ci="5" mb="0" cb="0"/><line nr="117" mi="0" ci="4" mb="0" cb="0"/><line nr="118" mi="0" ci="8" mb="0" cb="0"/><line nr="119" mi="0" ci="2" mb="0" cb="0"/><line nr="120" mi="0" ci="2" mb="0" cb="2"/><line nr="122" mi="0" ci="4" mb="0" cb="0"/><line nr="123" mi="0" ci="4" mb="0" cb="0"/><line nr="124" mi="0" ci="4" mb="0" cb="0"/><line nr="125" mi="0" ci="4" mb="0" cb="0"/><line nr="126" mi="0" ci="17" mb="0" cb="0"/><line nr="127" mi="0" ci="2" mb="0" cb="0"/><line nr="129" mi="0" ci="6" mb="0" cb="0"/><line nr="130" mi="0" ci="2" mb="0" cb="0"/><line nr="142" mi="0" ci="5" mb="0" cb="0"/><line nr="152" mi="0" ci="4" mb="0" cb="0"/><line nr="153" mi="0" ci="4" mb="1" cb="1"/><line nr="154" mi="5" ci="0" mb="0" cb="0"/><line nr="160" mi="0" ci="6" mb="0" cb="0"/><line nr="161" mi="0" ci="5" mb="0" cb="0"/><line nr="162" mi="0" ci="3" mb="1" cb="1"/><line nr="163" mi="5" ci="0" mb="0" cb="0"/><line nr="168" mi="0" ci="5" mb="0" cb="0"/><line nr="169" mi="0" ci="5" mb="0" cb="0"/><line nr="170" mi="0" ci="5" mb="0" cb="0"/><line nr="172" mi="0" ci="4" mb="0" cb="0"/><line nr="173" mi="0" ci="5" mb="0" cb="0"/><line nr="174" mi="0" ci="5" mb="0" cb="0"/><line nr="175" mi="0" ci="5" mb="0" cb="0"/><line nr="177" mi="0" ci="11" mb="0" cb="0"/><counter type="INSTRUCTION" missed="18" covered="506"/><counter type="BRANCH" missed="3" covered="5"/><counter type="LINE" missed="4" covered="44"/><counter type="COMPLEXITY" missed="3" covered="6"/><counter type="METHOD" missed="0" covered="5"/><counter type="CLASS" missed="0" covered="1"/></sourcefile><counter type="INSTRUCTION" missed="1111" covered="2842"/><counter type="BRANCH" missed="50" covered="106"/><counter type="LINE" missed="126" covered="402"/><counter type="COMPLEXITY" missed="59" covered="112"/><counter type="METHOD" missed="10" covered="81"/><counter type="CLASS" missed="3" covered="8"/></package><package name="edu/brown/cs/mji13/gui"><class name="edu/brown/cs/mji13/gui/CommandHandler" sourcefilename="CommandHandler.java"><method name="&lt;init&gt;" desc="(Ledu/brown/cs/mji13/command/Command;Ljava/util/ArrayList;)V" line="34"><counter type="INSTRUCTION" missed="9" covered="0"/><counter type="LINE" missed="4" covered="0"/><counter type="COMPLEXITY" missed="1" covered="0"/><counter type="METHOD" missed="1" covered="0"/></method><method name="handle" desc="(Lspark/Request;Lspark/Response;)Lspark/ModelAndView;" line="50"><counter type="INSTRUCTION" missed="30" covered="0"/><counter type="LINE" missed="6" covered="0"/><counter type="COMPLEXITY" missed="1" covered="0"/><counter type="METHOD" missed="1" covered="0"/></method><method name="lambda$handle$0" desc="(Ljava/util/ArrayList;Lspark/QueryParamsMap;Ljava/lang/String;)V" line="53"><counter type="INSTRUCTION" missed="12" covered="0"/><counter type="LINE" missed="1" covered="0"/><counter type="COMPLEXITY" missed="1" covered="0"/><counter type="METHOD" missed="1" covered="0"/></method><counter type="INSTRUCTION" missed="51" covered="0"/><counter type="LINE" missed="10" covered="0"/><counter type="COMPLEXITY" missed="3" covered="0"/><counter type="METHOD" missed="3" covered="0"/><counter type="CLASS" missed="1" covered="0"/></class><sourcefile name="CommandHandler.java"><line nr="34" mi="2" ci="0" mb="0" cb="0"/><line nr="35" mi="3" ci="0" mb="0" cb="0"/><line nr="36" mi="3" ci="0" mb="0" cb="0"/><line nr="37" mi="1" ci="0" mb="0" cb="0"/><line nr="50" mi="3" ci="0" mb="0" cb="0"/><line nr="51" mi="4" ci="0" mb="0" cb="0"/><line nr="53" mi="18" ci="0" mb="0" cb="0"/><line nr="56" mi="5" ci="0" mb="0" cb="0"/><line nr="59" mi="6" ci="0" mb="0" cb="0"/><line nr="63" mi="6" ci="0" mb="0" cb="0"/><counter type="INSTRUCTION" missed="51" covered="0"/><counter type="LINE" missed="10" covered="0"/><counter type="COMPLEXITY" missed="3" covered="0"/><counter type="METHOD" missed="3" covered="0"/><counter type="CLASS" missed="1" covered="0"/></sourcefile><counter type="INSTRUCTION" missed="51" covered="0"/><counter type="LINE" missed="10" covered="0"/><counter type="COMPLEXITY" missed="3" covered="0"/><counter type="METHOD" missed="3" covered="0"/><counter type="CLASS" missed="1" covered="0"/></package><package name="edu/brown/cs/mji13/people"><class name="edu/brown/cs/mji13/people/MockCSV" sourcefilename="MockCSV.java"><method name="&lt;init&gt;" desc="()V" line="23"><counter type="INSTRUCTION" missed="0" covered="88"/><counter type="LINE" missed="0" covered="9"/><counter type="COMPLEXITY" missed="0" covered="1"/><counter type="METHOD" missed="0" covered="1"/></method><method name="execute" desc="(Ljava/util/ArrayList;)Ljava/util/ArrayList;" line="70"><counter type="INSTRUCTION" missed="52" covered="0"/><counter type="BRANCH" missed="4" covered="0"/><counter type="LINE" missed="13" covered="0"/><counter type="COMPLEXITY" missed="3" covered="0"/><counter type="METHOD" missed="1" covered="0"/></method><method name="matchArgsToMethod" desc="(Ljava/util/ArrayList;)Ljava/util/Optional;" line="99"><counter type="INSTRUCTION" missed="0" covered="5"/><counter type="LINE" missed="0" covered="1"/><counter type="COMPLEXITY" missed="0" covered="1"/><counter type="METHOD" missed="0" covered="1"/></method><method name="lineToPerson" desc="(Ljava/lang/String;)Ledu/brown/cs/mji13/people/MockPerson;" line="109"><counter type="INSTRUCTION" missed="5" covered="43"/><counter type="BRANCH" missed="1" covered="1"/><counter type="LINE" missed="1" covered="9"/><counter type="COMPLEXITY" missed="1" covered="1"/><counter type="METHOD" missed="0" covered="1"/></method><method name="lambda$execute$0" desc="(Ljava/util/ArrayList;Ledu/brown/cs/mji13/people/MockPerson;)V" line="82"><counter type="INSTRUCTION" missed="6" covered="0"/><counter type="LINE" missed="1" covered="0"/><counter type="COMPLEXITY" missed="1" covered="0"/><counter type="METHOD" missed="1" covered="0"/></method><counter type="INSTRUCTION" missed="63" covered="136"/><counter type="BRANCH" missed="5" covered="1"/><counter type="LINE" missed="14" covered="19"/><counter type="COMPLEXITY" missed="5" covered="3"/><counter type="METHOD" missed="2" covered="3"/><counter type="CLASS" missed="0" covered="1"/></class><class name="edu/brown/cs/mji13/people/MockPerson" sourcefilename="MockPerson.java"><method name="&lt;init&gt;" desc="(Ljava/lang/String;Ljava/lang/String;Ljava/lang/String;Ljava/lang/String;Ljava/lang/String;Ljava/lang/String;)V" line="35"><counter type="INSTRUCTION" missed="5" covered="268"/><counter type="BRANCH" missed="1" covered="1"/><counter type="LINE" missed="1" covered="34"/><counter type="COMPLEXITY" missed="1" covered="1"/><counter type="METHOD" missed="0" covered="1"/></method><method name="formatEmpty" desc="(Ljava/lang/String;)Ljava/lang/String;" line="100"><counter type="INSTRUCTION" missed="0" covered="7"/><counter type="BRANCH" missed="0" covered="2"/><counter type="LINE" missed="0" covered="1"/><counter type="COMPLEXITY" missed="0" covered="2"/><counter type="METHOD" missed="0" covered="1"/></method><method name="toString" desc="()Ljava/lang/String;" line="110"><counter type="INSTRUCTION" missed="0" covered="26"/><counter type="LINE" missed="0" covered="6"/><counter type="COMPLEXITY" missed="0" covered="1"/><counter type="METHOD" missed="0" covered="1"/></method><method name="isMockDate" desc="(Ljava/lang/String;)Ljava/lang/Boolean;" line="143"><counter type="INSTRUCTION" missed="0" covered="16"/><counter type="BRANCH" missed="0" covered="4"/><counter type="LINE" missed="0" covered="2"/><counter type="COMPLEXITY" missed="0" covered="3"/><counter type="METHOD" missed="0" covered="1"/></method><method name="isMockDateInRage" desc="(Ljava/lang/String;)Ljava/lang/Boolean;" line="155"><counter type="INSTRUCTION" missed="0" covered="53"/><counter type="BRANCH" missed="1" covered="7"/><counter type="LINE" missed="0" covered="7"/><counter type="COMPLEXITY" missed="1" covered="4"/><counter type="METHOD" missed="0" covered="1"/></method><method name="isMockEmail" desc="(Ljava/lang/String;)Ljava/lang/Boolean;" line="173"><counter type="INSTRUCTION" missed="1" covered="11"/><counter type="BRANCH" missed="1" covered="3"/><counter type="LINE" missed="0" covered="2"/><counter type="COMPLEXITY" missed="1" covered="2"/><counter type="METHOD" missed="0" covered="1"/></method><method name="isMockStreetAddress" desc="(Ljava/lang/String;)Ljava/lang/Boolean;" line="184"><counter type="INSTRUCTION" missed="0" covered="12"/><counter type="BRANCH" missed="1" covered="3"/><counter type="LINE" missed="0" covered="2"/><counter type="COMPLEXITY" missed="1" covered="2"/><counter type="METHOD" missed="0" covered="1"/></method><counter type="INSTRUCTION" missed="6" covered="393"/><counter type="BRANCH" missed="4" covered="20"/><counter type="LINE" missed="1" covered="54"/><counter type="COMPLEXITY" missed="4" covered="15"/><counter type="METHOD" missed="0" covered="7"/><counter type="CLASS" missed="0" covered="1"/></class><sourcefile name="MockCSV.java"><line nr="23" mi="0" ci="5" mb="0" cb="0"/><line nr="28" mi="0" ci="5" mb="0" cb="0"/><line nr="33" mi="0" ci="28" mb="0" cb="0"/><line nr="40" mi="0" ci="6" mb="0" cb="0"/><line nr="41" mi="0" ci="2" mb="0" cb="0"/><line nr="42" mi="0" ci="31" mb="0" cb="0"/><line nr="52" mi="0" ci="8" mb="0" cb="0"/><line nr="58" mi="0" ci="2" mb="0" cb="0"/><line nr="59" mi="0" ci="1" mb="0" cb="0"/><line nr="70" mi="4" ci="0" mb="0" cb="0"/><line nr="71" mi="4" ci="0" mb="0" cb="0"/><line nr="72" mi="3" ci="0" mb="2" cb="0"/><line nr="73" mi="6" ci="0" mb="0" cb="0"/><line nr="74" mi="2" ci="0" mb="0" cb="0"/><line nr="77" mi="5" ci="0" mb="0" cb="0"/><line nr="78" mi="9" ci="0" mb="0" cb="0"/><line nr="79" mi="2" ci="0" mb="0" cb="0"/><line nr="81" mi="2" ci="0" mb="2" cb="0"/><line nr="82" mi="11" ci="0" mb="0" cb="0"/><line nr="83" mi="2" ci="0" mb="0" cb="0"/><line nr="86" mi="6" ci="0" mb="0" cb="0"/><line nr="87" mi="2" ci="0" mb="0" cb="0"/><line nr="99" mi="0" ci="5" mb="0" cb="0"/><line nr="109" mi="0" ci="5" mb="0" cb="0"/><line nr="110" mi="0" ci="4" mb="1" cb="1"/><line nr="111" mi="5" ci="0" mb="0" cb="0"/><line nr="114" mi="0" ci="4" mb="0" cb="0"/><line nr="115" mi="0" ci="4" mb="0" cb="0"/><line nr="116" mi="0" ci="4" mb="0" cb="0"/><line nr="117" mi="0" ci="4" mb="0" cb="0"/><line nr="118" mi="0" ci="4" mb="0" cb="0"/><line nr="119" mi="0" ci="4" mb="0" cb="0"/><line nr="121" mi="0" ci="10" mb="0" cb="0"/><counter type="INSTRUCTION" missed="63" covered="136"/><counter type="BRANCH" missed="5" covered="1"/><counter type="LINE" missed="14" covered="19"/><counter type="COMPLEXITY" missed="5" covered="3"/><counter type="METHOD" missed="2" covered="3"/><counter type="CLASS" missed="0" covered="1"/></sourcefile><sourcefile name="MockPerson.java"><line nr="35" mi="0" ci="6" mb="0" cb="0"/><line nr="36" mi="0" ci="2" mb="0" cb="0"/><line nr="37" mi="0" ci="96" mb="0" cb="0"/><line nr="65" mi="0" ci="2" mb="0" cb="0"/><line nr="66" mi="0" ci="4" mb="0" cb="0"/><line nr="67" mi="0" ci="4" mb="0" cb="0"/><line nr="68" mi="0" ci="4" mb="0" cb="0"/><line nr="69" mi="0" ci="4" mb="0" cb="0"/><line nr="70" mi="0" ci="4" mb="0" cb="0"/><line nr="71" mi="0" ci="4" mb="0" cb="0"/><line nr="72" mi="0" ci="4" mb="0" cb="0"/><line nr="75" mi="0" ci="7" mb="0" cb="0"/><line nr="77" mi="0" ci="4" mb="0" cb="0"/><line nr="78" mi="0" ci="3" mb="1" cb="1"/><line nr="79" mi="5" ci="0" mb="0" cb="0"/><line nr="84" mi="0" ci="3" mb="0" cb="0"/><line nr="85" mi="0" ci="3" mb="0" cb="0"/><line nr="86" mi="0" ci="3" mb="0" cb="0"/><line nr="87" mi="0" ci="3" mb="0" cb="0"/><line nr="88" mi="0" ci="3" mb="0" cb="0"/><line nr="89" mi="0" ci="3" mb="0" cb="0"/><line nr="90" mi="0" ci="1" mb="0" cb="0"/><line nr="100" mi="0" ci="7" mb="0" cb="2"/><line nr="110" mi="0" ci="8" mb="0" cb="0"/><line nr="111" mi="0" ci="4" mb="0" cb="0"/><line nr="112" mi="0" ci="4" mb="0" cb="0"/><line nr="113" mi="0" ci="4" mb="0" cb="0"/><line nr="114" mi="0" ci="4" mb="0" cb="0"/><line nr="115" mi="0" ci="2" mb="0" cb="0"/><line nr="122" mi="0" ci="8" mb="0" cb="0"/><line nr="123" mi="0" ci="8" mb="0" cb="0"/><line nr="124" mi="0" ci="8" mb="0" cb="0"/><line nr="125" mi="0" ci="8" mb="0" cb="0"/><line nr="126" mi="0" ci="8" mb="0" cb="0"/><line nr="127" mi="0" ci="8" mb="0" cb="0"/><line nr="128" mi="0" ci="8" mb="0" cb="0"/><line nr="129" mi="0" ci="8" mb="0" cb="0"/><line nr="130" mi="0" ci="8" mb="0" cb="0"/><line nr="131" mi="0" ci="8" mb="0" cb="0"/><line nr="132" mi="0" ci="8" mb="0" cb="0"/><line nr="133" mi="0" ci="8" mb="0" cb="0"/><line nr="134" mi="0" ci="5" mb="0" cb="0"/><line nr="143" mi="0" ci="4" mb="0" cb="0"/><line nr="145" mi="0" ci="12" mb="0" cb="4"/><line nr="155" mi="0" ci="4" mb="0" cb="0"/><line nr="156" mi="0" ci="5" mb="0" cb="0"/><line nr="157" mi="0" ci="5" mb="0" cb="0"/><line nr="158" mi="0" ci="5" mb="0" cb="0"/><line nr="160" mi="0" ci="8" mb="0" cb="0"/><line nr="161" mi="0" ci="12" mb="0" cb="4"/><line nr="162" mi="0" ci="14" mb="1" cb="3"/><line nr="173" mi="0" ci="7" mb="0" cb="2"/><line nr="174" mi="1" ci="4" mb="1" cb="1"/><line nr="184" mi="0" ci="7" mb="1" cb="1"/><line nr="185" mi="0" ci="5" mb="0" cb="2"/><counter type="INSTRUCTION" missed="6" covered="393"/><counter type="BRANCH" missed="4" covered="20"/><counter type="LINE" missed="1" covered="54"/><counter type="COMPLEXITY" missed="4" covered="15"/><counter type="METHOD" missed="0" covered="7"/><counter type="CLASS" missed="0" covered="1"/></sourcefile><counter type="INSTRUCTION" missed="69" covered="529"/><counter type="BRANCH" missed="9" covered="21"/><counter type="LINE" missed="15" covered="73"/><counter type="COMPLEXITY" missed="9" covered="18"/><counter type="METHOD" missed="2" covered="10"/><counter type="CLASS" missed="0" covered="2"/></package><counter type="INSTRUCTION" missed="1394" covered="4233"/><counter type="BRANCH" missed="77" covered="187"/><counter type="LINE" missed="195" covered="667"/><counter type="COMPLEXITY" missed="89" covered="197"/><counter type="METHOD" missed="18" covered="134"/><counter type="CLASS" missed="6" covered="16"/></report>