<?xml version="1.0" encoding="UTF-8"?>
<testsuite xmlns:xsi="http://www.w3.org/2001/XMLSchema-instance" xsi:noNamespaceSchemaLocation="https://maven.apache.org/surefire/maven-surefire-plugin/xsd/surefire-test-report-3.0.xsd" version="3.0" name="edu.brown.cs.mji13.main.stars.NeighborsTest" time="0.005" tests="14" errors="0" skipped="0" failures="0">
  <properties>
[...]
</properties>
  <testcase name="testNNExecuteGUI" classname="edu.brown.cs.mji13.main.stars.NeighborsTest" time="0"/>
  <testcase name="testNNExecute" classname="edu.brown.cs.mji13.main.stars.NeighborsTest" time="0"/>
  <testcase name="testNeighborsCoordinateNoStars" classname="edu.brown.cs.mji13.main.stars.NeighborsTest" time="0"/>
  <testcase name="testNeighborsNameSameDistance" classname="edu.brown.cs.mji13.main.stars.NeighborsTest" time="0"/>
  <testcase name="testNNSameDistance" classname="edu.brown.cs.mji13.main.stars.NeighborsTest" time="0"/>
  <testcase name="testNeighborsNameZero" classname="edu.brown.cs.mji13.main.stars.NeighborsTest" time="0"/>
  <testcase name="testNeighborsCoordinateNormal" classname="edu.brown.cs.mji13.main.stars.NeighborsTest" time="0"/>
  <testcase name="testNeighborsCoordinateOverflow" classname="edu.brown.cs.mji13.main.stars.NeighborsTest" time="0"/>
  <testcase name="testMatchArgs" classname="edu.brown.cs.mji13.main.stars.NeighborsTest" time="0"/>
  <testcase name="testNeighborsEmpty" classname="edu.brown.cs.mji13.main.stars.NeighborsTest" time="0"/>
  <testcase name="testNeighborsNameNormal" classname="edu.brown.cs.mji13.main.stars.NeighborsTest" time="0"/>
  <testcase name="testNeighborsNameOccupy" classname="edu.brown.cs.mji13.main.stars.NeighborsTest" time="0"/>
  <testcase name="testNeighborsCoordinateExact" classname="edu.brown.cs.mji13.main.stars.NeighborsTest" time="0"/>
  <testcase name="testNNOccupy" classname="edu.brown.cs.mji13.main.stars.NeighborsTest" time="0"/>
</testsuite>