<?xml version="1.0" encoding="UTF-8"?>
<testsuite xmlns:xsi="http://www.w3.org/2001/XMLSchema-instance" xsi:noNamespaceSchemaLocation="https://maven.apache.org/surefire/maven-surefire-plugin/xsd/surefire-test-report-3.0.xsd" version="3.0" name="edu.brown.cs.student.main.NaiveNeighborsTest" time="0.007" tests="14" errors="0" skipped="0" failures="0">
  <properties>
[...]
</properties>
  <testcase name="testNNSameDistance" classname="edu.brown.cs.student.main.NaiveNeighborsTest" time="0"/>
  <testcase name="testNNNameTieBreakers" classname="edu.brown.cs.student.main.NaiveNeighborsTest" time="0"/>
  <testcase name="testNNNameNormal" classname="edu.brown.cs.student.main.NaiveNeighborsTest" time="0"/>
  <testcase name="testNNNameOccupy" classname="edu.brown.cs.student.main.NaiveNeighborsTest" time="0"/>
  <testcase name="testNNEmpty" classname="edu.brown.cs.student.main.NaiveNeighborsTest" time="0"/>
  <testcase name="testNNCoordinateOverflow" classname="edu.brown.cs.student.main.NaiveNeighborsTest" time="0"/>
  <testcase name="testNNNameSameDistance" classname="edu.brown.cs.student.main.NaiveNeighborsTest" time="0"/>
  <testcase name="testNNCoordinateExact" classname="edu.brown.cs.student.main.NaiveNeighborsTest" time="0"/>
  <testcase name="testNNTieBreaker" classname="edu.brown.cs.student.main.NaiveNeighborsTest" time="0"/>
  <testcase name="testMatchArgs" classname="edu.brown.cs.student.main.NaiveNeighborsTest" time="0"/>
  <testcase name="testNRCoordinateNoStars" classname="edu.brown.cs.student.main.NaiveNeighborsTest" time="0"/>
  <testcase name="testNNNameZero" classname="edu.brown.cs.student.main.NaiveNeighborsTest" time="0"/>
  <testcase name="testNNOccupy" classname="edu.brown.cs.student.main.NaiveNeighborsTest" time="0"/>
  <testcase name="testNNCoordinateNormal" classname="edu.brown.cs.student.main.NaiveNeighborsTest" time="0"/>
</testsuite>